<?xml version="1.0" encoding="UTF-8"?>
<!-- Generated by org.testng.reporters.JUnitXMLReporter -->
<testsuite hostname="EC2AMAZ-VP7JDPQ" failures="0" tests="3" name="VERIFY_UPLOAD_FUNCTIONALITY_ON_IMPORT_PAGE" time="74.71" errors="0" timestamp="26 Feb 2021 12:34:38 GMT">
  <testcase classname="com.common.ui.Import_People_Page" name="Upload_Given_File_On_Import_Page" time="3.984"/>
  <testcase classname="com.common.ui.Import_People_Page" name="Click_On_Given_Button_On_Import_Page" time="20.271"/>
  <testcase classname="com.common.ui.Import_People_Page" name="By_Default_Map_Records_And_Override_Duplicates" time="50.446"/>
</testsuite> <!-- VERIFY_UPLOAD_FUNCTIONALITY_ON_IMPORT_PAGE -->
