<?xml version="1.0" encoding="UTF-8"?>
<!-- Generated by org.testng.reporters.JUnitXMLReporter -->
<testsuite hostname="EC2AMAZ-VP7JDPQ" failures="1" tests="2" name="VERIFY_SORTING_A_TO_Z_FROM_HEADER" time="166.152" errors="0" timestamp="26 Feb 2021 12:40:00 GMT">
  <testcase classname="com.common.ui.People_Page" name="Click_On_Header_Title_DropDown" time="21.395"/>
  <testcase classname="com.common.ui.People_Page" name="Validate_Sorting_A_To_Z" time="144.02">
    <failure/>
  </testcase> <!-- Validate_Sorting_A_To_Z -->
</testsuite> <!-- VERIFY_SORTING_A_TO_Z_FROM_HEADER -->
