<?xml version="1.0" encoding="UTF-8"?>
<!-- Generated by org.testng.reporters.JUnitXMLReporter -->
<testsuite hostname="EC2AMAZ-VP7JDPQ" failures="0" tests="5" name="VERIFY_SAVE_AND_CREATE_FUNCTIONALITY_ON_NEW_RECORD_FORM" time="106.032" errors="0" timestamp="26 Feb 2021 12:29:26 GMT">
  <testcase classname="com.common.ui.People_Page" name="Click_On_New_Button" time="81.625"/>
  <testcase classname="com.common.ui.New_Record_Form" name="Fill_New_Record_Form" time="1.525"/>
  <testcase classname="com.common.ui.New_Record_Form" name="Click_On_Given_Button_On_New_Record_Pannel" time="20.437"/>
  <testcase classname="com.common.ui.New_Record_Form" name="Click_On_Close_Icon_On_New_Record_Pannel" time="2.416"/>
  <testcase classname="com.common.ui.People_Page" name="Verify_Record_Added_Or_Not" time="0.001"/>
</testsuite> <!-- VERIFY_SAVE_AND_CREATE_FUNCTIONALITY_ON_NEW_RECORD_FORM -->
