<?xml version="1.0" encoding="UTF-8"?>
<!-- Generated by org.testng.reporters.JUnitXMLReporter -->
<testsuite hostname="EC2AMAZ-VP7JDPQ" failures="0" tests="3" name="VERIFY_CANCEL_BUTTON_FUNCTIONALITY_ON_NEW_RECORD_FORM" time="40.797" errors="0" timestamp="26 Feb 2021 12:31:13 GMT">
  <testcase classname="com.common.ui.People_Page" name="Click_On_New_Button" time="20.428"/>
  <testcase classname="com.common.ui.New_Record_Form" name="Click_On_Given_Button_On_New_Record_Pannel" time="20.355"/>
  <testcase classname="com.common.ui.People_Page" name="Verify_Record_Added_Or_Not" time="0.001"/>
</testsuite> <!-- VERIFY_CANCEL_BUTTON_FUNCTIONALITY_ON_NEW_RECORD_FORM -->
