<?xml version="1.0" encoding="UTF-8"?>
<!-- Generated by org.testng.reporters.JUnitXMLReporter -->
<testsuite hostname="EC2AMAZ-VP7JDPQ" failures="0" tests="4" name="VERIFY_CREATE_BUTTON_FUNCTIONALITY_ON_HELP_SECTION" time="121.89" errors="0" timestamp="26 Feb 2021 12:27:40 GMT">
  <testcase classname="com.common.ui.People_Page" name="Open_Help_Section" time="0.059"/>
  <testcase classname="com.common.ui.Help_Page" name="Click_Create_Button_On_Help_Section" time="20.39"/>
  <testcase classname="com.common.ui.New_Record_Form" name="Click_On_Given_Button_On_New_Record_Pannel" time="81.361"/>
  <testcase classname="com.common.ui.Help_Page" name="Close_Help_Section" time="20.067"/>
</testsuite> <!-- VERIFY_CREATE_BUTTON_FUNCTIONALITY_ON_HELP_SECTION -->
