<?xml version="1.0" encoding="UTF-8"?>
<!-- Generated by org.testng.reporters.JUnitXMLReporter -->
<testsuite hostname="EC2AMAZ-VP7JDPQ" failures="0" tests="4" name="VERIFY_ADD_FILTER_FUNCTIONALITY" time="131.085" errors="0" timestamp="26 Feb 2021 12:37:14 GMT">
  <testcase classname="com.common.ui.People_Page" name="Click_On_Add_Filters" time="20.377"/>
  <testcase classname="com.common.ui.People_Page" name="Add_Filters" time="83.266"/>
  <testcase classname="com.common.ui.People_Page" name="Verify_Filter_Data_In_Given_Table_Column" time="2.055"/>
  <testcase classname="com.common.ui.People_Page" name="Clear_All_Filters" time="25.366"/>
</testsuite> <!-- VERIFY_ADD_FILTER_FUNCTIONALITY -->
