<?xml version="1.0" encoding="UTF-8"?>
<!-- Generated by org.testng.reporters.JUnitXMLReporter -->
<testsuite hostname="EC2AMAZ-VP7JDPQ" failures="0" tests="4" name="VERIFY_CLOSE_ICON_FUNCTIONALITY_ON_NEW_RECORD_FORM" time="22.741" errors="0" timestamp="26 Feb 2021 12:31:36 GMT">
  <testcase classname="com.common.ui.People_Page" name="Click_On_New_Button" time="20.35"/>
  <testcase classname="com.common.ui.New_Record_Form" name="Click_On_Close_Icon_On_New_Record_Pannel" time="2.369"/>
  <testcase classname="com.common.ui.New_Record_Form" name="Click_On_Given_Button_On_New_Record_Pannel" time="0.0">
    <skipped/>
  </testcase> <!-- Click_On_Given_Button_On_New_Record_Pannel -->
  <testcase classname="com.common.ui.People_Page" name="Verify_Record_Added_Or_Not" time="0.0">
    <skipped/>
  </testcase> <!-- Verify_Record_Added_Or_Not -->
</testsuite> <!-- VERIFY_CLOSE_ICON_FUNCTIONALITY_ON_NEW_RECORD_FORM -->
