<?xml version="1.0" encoding="UTF-8"?>
<!-- Generated by org.testng.reporters.JUnitXMLReporter -->
<testsuite hostname="EC2AMAZ-VP7JDPQ" failures="0" tests="4" name="VERIFY_SAVE_BUTTON_AND_SAVE_AND_CREATE_ANOTHER_BUTTON_DISABLE" time="23.579" errors="0" timestamp="26 Feb 2021 12:30:32 GMT">
  <testcase classname="com.common.ui.People_Page" name="Click_On_New_Button" time="20.394"/>
  <testcase classname="com.common.ui.New_Record_Form" name="Fill_New_Record_Form" time="0.698"/>
  <testcase classname="com.common.ui.New_Record_Form" name="Verify_Button_Visiblity" time="0.069"/>
  <testcase classname="com.common.ui.New_Record_Form" name="Click_On_Close_Icon_On_New_Record_Pannel" time="2.395"/>
</testsuite> <!-- VERIFY_SAVE_BUTTON_AND_SAVE_AND_CREATE_ANOTHER_BUTTON_DISABLE -->
