<?xml version="1.0" encoding="UTF-8"?>
<!-- Generated by org.testng.reporters.JUnitXMLReporter -->
<testsuite hostname="EC2AMAZ-VP7JDPQ" failures="0" tests="2" name="VERIFY_ARRANGE_ICON_HIDE/UNHIDE_COLUMN_FUNCTIONALITY" time="80.95" errors="0" timestamp="26 Feb 2021 12:46:10 GMT">
  <testcase classname="com.common.ui.People_Page" name="Open_Arrange_Icon_Container" time="20.391"/>
  <testcase classname="com.common.ui.People_Page" name="Hide_Unhide_Table_Column" time="60.551"/>
</testsuite> <!-- VERIFY_ARRANGE_ICON_HIDE/UNHIDE_COLUMN_FUNCTIONALITY -->
