<?xml version="1.0" encoding="UTF-8"?>
<!-- Generated by org.testng.reporters.JUnitXMLReporter -->
<testsuite hostname="EC2AMAZ-VP7JDPQ" failures="0" tests="3" name="VERIFY_IMPORT_BUTTON_FUNCTIONALITY_ON_HELP_SECTION" time="41.082" errors="0" timestamp="26 Feb 2021 12:25:39 GMT">
  <testcase classname="com.common.ui.People_Page" name="Open_Help_Section" time="0.083"/>
  <testcase classname="com.common.ui.Help_Page" name="Click_Import_Button_On_Help_Section" time="20.458"/>
  <testcase classname="com.common.ui.Import_People_Page" name="Click_On_Given_Button_On_Import_Page" time="20.532"/>
</testsuite> <!-- VERIFY_IMPORT_BUTTON_FUNCTIONALITY_ON_HELP_SECTION -->
