<?xml version="1.0" encoding="UTF-8"?>
<!-- Generated by org.testng.reporters.JUnitXMLReporter -->
<testsuite hostname="EC2AMAZ-VP7JDPQ" failures="0" tests="2" name="VERIFY_NEXT_BUTTON_DISABLE_WHEN_NO_FILE_UPLOADED_ON_IMPORT_PAGE" time="20.377" errors="0" timestamp="26 Feb 2021 12:32:58 GMT">
  <testcase classname="com.common.ui.People_Page" name="Click_On_Import_Button" time="20.326"/>
  <testcase classname="com.common.ui.Import_People_Page" name="Verify_Button_Visiblity_On_Import_Page" time="0.043"/>
</testsuite> <!-- VERIFY_NEXT_BUTTON_DISABLE_WHEN_NO_FILE_UPLOADED_ON_IMPORT_PAGE -->
