<?xml version="1.0" encoding="UTF-8"?>
<!-- Generated by org.testng.reporters.JUnitXMLReporter -->
<testsuite hostname="EC2AMAZ-VP7JDPQ" failures="0" tests="4" name="VERIFY_SAVE_FUNCTIONALITY" time="42.197" errors="0" timestamp="26 Feb 2021 12:30:09 GMT">
  <testcase classname="com.common.ui.People_Page" name="Click_On_New_Button" time="20.378"/>
  <testcase classname="com.common.ui.New_Record_Form" name="Fill_New_Record_Form" time="1.296"/>
  <testcase classname="com.common.ui.New_Record_Form" name="Click_On_Given_Button_On_New_Record_Pannel" time="20.485"/>
  <testcase classname="com.common.ui.People_Page" name="Verify_Record_Added_Or_Not" time="0.006"/>
</testsuite> <!-- VERIFY_SAVE_FUNCTIONALITY -->
