<?xml version="1.0" encoding="UTF-8"?>
<!-- Generated by org.testng.reporters.JUnitXMLReporter -->
<testsuite hostname="EC2AMAZ-VP7JDPQ" failures="0" tests="4" name="VERIFY_CANCEL_BUTTON_FUNCTIONALITY_ON_IMPORT_PAGE" time="61.403" errors="0" timestamp="26 Feb 2021 12:32:37 GMT">
  <testcase classname="com.common.ui.People_Page" name="Click_On_Import_Button" time="20.462"/>
  <testcase classname="com.common.ui.Import_People_Page" name="Click_On_Given_Button_On_Import_Page" time="20.737"/>
  <testcase classname="com.common.ui.Help_Page" name="Close_Help_Section" time="20.192"/>
  <testcase classname="com.common.ui.People_Page" name="Verify_Record_Added_Or_Not" time="0.001"/>
</testsuite> <!-- VERIFY_CANCEL_BUTTON_FUNCTIONALITY_ON_IMPORT_PAGE -->
