<?xml version="1.0" encoding="UTF-8"?>
<!-- Generated by org.testng.reporters.JUnitXMLReporter -->
<testsuite hostname="EC2AMAZ-VP7JDPQ" name="VERIFY_SAVE_AND_CREATE_FUNCTIONALITY_ON_NEW_RECORD_FORM" tests="5" failures="0" timestamp="27 Feb 2021 09:16:17 GMT" time="105.62" errors="0">
  <testcase name="Click_On_New_Button" time="81.5" classname="com.common.ui.People_Page"/>
  <testcase name="Fill_New_Record_Form" time="1.351" classname="com.common.ui.New_Record_Form"/>
  <testcase name="Click_On_Given_Button_On_New_Record_Pannel" time="20.391" classname="com.common.ui.New_Record_Form"/>
  <testcase name="Click_On_Close_Icon_On_New_Record_Pannel" time="2.368" classname="com.common.ui.New_Record_Form"/>
  <testcase name="Verify_Record_Added_Or_Not" time="0.001" classname="com.common.ui.People_Page"/>
</testsuite> <!-- VERIFY_SAVE_AND_CREATE_FUNCTIONALITY_ON_NEW_RECORD_FORM -->
