<?xml version="1.0" encoding="UTF-8"?>
<!-- Generated by org.testng.reporters.JUnitXMLReporter -->
<testsuite hostname="EC2AMAZ-VP7JDPQ" name="VERIFY_UPLOAD_FUNCTIONALITY_ON_IMPORT_PAGE" tests="3" failures="0" timestamp="27 Feb 2021 09:21:26 GMT" time="74.408" errors="0">
  <testcase name="Upload_Given_File_On_Import_Page" time="3.738" classname="com.common.ui.Import_People_Page"/>
  <testcase name="Click_On_Given_Button_On_Import_Page" time="20.28" classname="com.common.ui.Import_People_Page"/>
  <testcase name="By_Default_Map_Records_And_Override_Duplicates" time="50.385" classname="com.common.ui.Import_People_Page"/>
</testsuite> <!-- VERIFY_UPLOAD_FUNCTIONALITY_ON_IMPORT_PAGE -->
