<?xml version="1.0" encoding="UTF-8"?>
<!-- Generated by org.testng.reporters.JUnitXMLReporter -->
<testsuite hostname="EC2AMAZ-VP7JDPQ" name="VERIFY_SAVE_FUNCTIONALITY" tests="4" failures="0" timestamp="27 Feb 2021 09:16:59 GMT" time="41.828" errors="0">
  <testcase name="Click_On_New_Button" time="20.276" classname="com.common.ui.People_Page"/>
  <testcase name="Fill_New_Record_Form" time="1.236" classname="com.common.ui.New_Record_Form"/>
  <testcase name="Click_On_Given_Button_On_New_Record_Pannel" time="20.31" classname="com.common.ui.New_Record_Form"/>
  <testcase name="Verify_Record_Added_Or_Not" time="0.0" classname="com.common.ui.People_Page"/>
</testsuite> <!-- VERIFY_SAVE_FUNCTIONALITY -->
