<?xml version="1.0" encoding="UTF-8"?>
<!-- Generated by org.testng.reporters.JUnitXMLReporter -->
<testsuite hostname="EC2AMAZ-VP7JDPQ" name="VERIFY_NEXT_BUTTON_DISABLE_WHEN_NO_FILE_UPLOADED_ON_IMPORT_PAGE" tests="2" failures="0" timestamp="27 Feb 2021 09:19:46 GMT" time="20.304" errors="0">
  <testcase name="Click_On_Import_Button" time="20.28" classname="com.common.ui.People_Page"/>
  <testcase name="Verify_Button_Visiblity_On_Import_Page" time="0.022" classname="com.common.ui.Import_People_Page"/>
</testsuite> <!-- VERIFY_NEXT_BUTTON_DISABLE_WHEN_NO_FILE_UPLOADED_ON_IMPORT_PAGE -->
