<?xml version="1.0" encoding="UTF-8"?>
<!-- Generated by org.testng.reporters.JUnitXMLReporter -->
<testsuite hostname="EC2AMAZ-VP7JDPQ" name="VERIFY_IMPORT_BUTTON_FUNCTIONALITY_ON_HELP_SECTION" tests="3" failures="0" timestamp="27 Feb 2021 09:12:30 GMT" time="41.057" errors="0">
  <testcase name="Open_Help_Section" time="0.038" classname="com.common.ui.People_Page"/>
  <testcase name="Click_Import_Button_On_Help_Section" time="20.349" classname="com.common.ui.Help_Page"/>
  <testcase name="Click_On_Given_Button_On_Import_Page" time="20.662" classname="com.common.ui.Import_People_Page"/>
</testsuite> <!-- VERIFY_IMPORT_BUTTON_FUNCTIONALITY_ON_HELP_SECTION -->
