<?xml version="1.0" encoding="UTF-8"?>
<!-- Generated by org.testng.reporters.JUnitXMLReporter -->
<testsuite hostname="EC2AMAZ-VP7JDPQ" name="VERIFY_ARRANGE_ICON_HIDE/UNHIDE_COLUMN_FUNCTIONALITY" tests="2" failures="0" timestamp="27 Feb 2021 09:32:56 GMT" time="80.834" errors="0">
  <testcase name="Open_Arrange_Icon_Container" time="20.263" classname="com.common.ui.People_Page"/>
  <testcase name="Hide_Unhide_Table_Column" time="60.568" classname="com.common.ui.People_Page"/>
</testsuite> <!-- VERIFY_ARRANGE_ICON_HIDE/UNHIDE_COLUMN_FUNCTIONALITY -->
