<?xml version="1.0" encoding="UTF-8"?>
<!-- Generated by org.testng.reporters.JUnitXMLReporter -->
<testsuite hostname="EC2AMAZ-VP7JDPQ" name="VERIFY_CANCEL_BUTTON_FUNCTIONALITY_ON_NEW_RECORD_FORM" tests="3" failures="0" timestamp="27 Feb 2021 09:18:03 GMT" time="40.517" errors="0">
  <testcase name="Click_On_New_Button" time="20.234" classname="com.common.ui.People_Page"/>
  <testcase name="Click_On_Given_Button_On_New_Record_Pannel" time="20.279" classname="com.common.ui.New_Record_Form"/>
  <testcase name="Verify_Record_Added_Or_Not" time="0.002" classname="com.common.ui.People_Page"/>
</testsuite> <!-- VERIFY_CANCEL_BUTTON_FUNCTIONALITY_ON_NEW_RECORD_FORM -->
