<?xml version="1.0" encoding="UTF-8"?>
<!-- Generated by org.testng.reporters.JUnitXMLReporter -->
<testsuite hostname="EC2AMAZ-VP7JDPQ" name="VERIFY_SORTING_A_TO_Z_FROM_HEADER" tests="2" failures="1" timestamp="27 Feb 2021 09:26:48 GMT" time="165.746" errors="0">
  <testcase name="Click_On_Header_Title_DropDown" time="21.175" classname="com.common.ui.People_Page"/>
  <testcase name="Validate_Sorting_A_To_Z" time="143.906" classname="com.common.ui.People_Page">
    <failure/>
  </testcase> <!-- Validate_Sorting_A_To_Z -->
</testsuite> <!-- VERIFY_SORTING_A_TO_Z_FROM_HEADER -->
