<?xml version="1.0" encoding="UTF-8"?>
<!-- Generated by org.testng.reporters.JUnitXMLReporter -->
<testsuite hostname="EC2AMAZ-VP7JDPQ" name="VERIFY_SAVE_BUTTON_AND_SAVE_AND_CREATE_ANOTHER_BUTTON_DISABLE" tests="4" failures="0" timestamp="27 Feb 2021 09:17:22 GMT" time="23.154" errors="0">
  <testcase name="Click_On_New_Button" time="20.288" classname="com.common.ui.People_Page"/>
  <testcase name="Fill_New_Record_Form" time="0.525" classname="com.common.ui.New_Record_Form"/>
  <testcase name="Verify_Button_Visiblity" time="0.035" classname="com.common.ui.New_Record_Form"/>
  <testcase name="Click_On_Close_Icon_On_New_Record_Pannel" time="2.298" classname="com.common.ui.New_Record_Form"/>
</testsuite> <!-- VERIFY_SAVE_BUTTON_AND_SAVE_AND_CREATE_ANOTHER_BUTTON_DISABLE -->
