<?xml version="1.0" encoding="UTF-8"?>
<!-- Generated by org.testng.reporters.JUnitXMLReporter -->
<testsuite hostname="EC2AMAZ-VP7JDPQ" name="VERIFY_ADD_FILTER_FUNCTIONALITY" tests="4" failures="0" timestamp="27 Feb 2021 09:24:02 GMT" time="130.648" errors="0">
  <testcase name="Click_On_Add_Filters" time="20.294" classname="com.common.ui.People_Page"/>
  <testcase name="Add_Filters" time="82.993" classname="com.common.ui.People_Page"/>
  <testcase name="Verify_Filter_Data_In_Given_Table_Column" time="2.051" classname="com.common.ui.People_Page"/>
  <testcase name="Clear_All_Filters" time="25.306" classname="com.common.ui.People_Page"/>
</testsuite> <!-- VERIFY_ADD_FILTER_FUNCTIONALITY -->
