<?xml version="1.0" encoding="UTF-8"?>
<!-- Generated by org.testng.reporters.JUnitXMLReporter -->
<testsuite hostname="EC2AMAZ-VP7JDPQ" name="VERIFY_CREATE_BUTTON_FUNCTIONALITY_ON_HELP_SECTION" tests="4" failures="0" timestamp="27 Feb 2021 09:14:31 GMT" time="121.703" errors="0">
  <testcase name="Open_Help_Section" time="0.038" classname="com.common.ui.People_Page"/>
  <testcase name="Click_Create_Button_On_Help_Section" time="20.307" classname="com.common.ui.Help_Page"/>
  <testcase name="Click_On_Given_Button_On_New_Record_Pannel" time="81.336" classname="com.common.ui.New_Record_Form"/>
  <testcase name="Close_Help_Section" time="20.014" classname="com.common.ui.Help_Page"/>
</testsuite> <!-- VERIFY_CREATE_BUTTON_FUNCTIONALITY_ON_HELP_SECTION -->
