<?xml version="1.0" encoding="UTF-8"?>
<!-- Generated by org.testng.reporters.JUnitXMLReporter -->
<testsuite hostname="EC2AMAZ-VP7JDPQ" name="VERIFY_CANCEL_BUTTON_FUNCTIONALITY_ON_IMPORT_PAGE" tests="4" failures="0" timestamp="27 Feb 2021 09:19:26 GMT" time="60.938" errors="0">
  <testcase name="Click_On_Import_Button" time="20.357" classname="com.common.ui.People_Page"/>
  <testcase name="Click_On_Given_Button_On_Import_Page" time="20.394" classname="com.common.ui.Import_People_Page"/>
  <testcase name="Close_Help_Section" time="20.181" classname="com.common.ui.Help_Page"/>
  <testcase name="Verify_Record_Added_Or_Not" time="0.0" classname="com.common.ui.People_Page"/>
</testsuite> <!-- VERIFY_CANCEL_BUTTON_FUNCTIONALITY_ON_IMPORT_PAGE -->
