<?xml version="1.0" encoding="UTF-8"?>
<!-- Generated by org.testng.reporters.JUnitXMLReporter -->
<testsuite hostname="EC2AMAZ-VP7JDPQ" name="VERIFY_CLOSE_ICON_FUNCTIONALITY_ON_NEW_RECORD_FORM" tests="4" failures="0" timestamp="27 Feb 2021 09:18:25 GMT" time="22.514" errors="0">
  <testcase name="Click_On_New_Button" time="20.244" classname="com.common.ui.People_Page"/>
  <testcase name="Click_On_Close_Icon_On_New_Record_Pannel" time="2.266" classname="com.common.ui.New_Record_Form"/>
  <testcase name="Click_On_Given_Button_On_New_Record_Pannel" time="0.0" classname="com.common.ui.New_Record_Form">
    <skipped/>
  </testcase> <!-- Click_On_Given_Button_On_New_Record_Pannel -->
  <testcase name="Verify_Record_Added_Or_Not" time="0.0" classname="com.common.ui.People_Page">
    <skipped/>
  </testcase> <!-- Verify_Record_Added_Or_Not -->
</testsuite> <!-- VERIFY_CLOSE_ICON_FUNCTIONALITY_ON_NEW_RECORD_FORM -->
