<?xml version="1.0" encoding="UTF-8" ?>
<testsuite tests="56" failures="2" name="TestSuite" time="1,458.741" errors="0" skipped="2">
  <properties>
[...]
</properties>
  <testcase classname="com.common.ui.Login_Page" name="Open_Xpmgr" time="10.099"/>
  <testcase classname="com.common.ui.Login_Page" name="Login" time="25.68"/>
  <testcase classname="com.common.ui.Project_List_Page" name="Open_Project" time="20.324"/>
  <testcase classname="com.common.ui.ProjectDetail_Page" name="Click_On_People_Link" time="44.437"/>
  <testcase classname="com.common.ui.People_Page" name="Open_Help_Section" time="0.038"/>
  <testcase classname="com.common.ui.Help_Page" name="Click_Import_Button_On_Help_Section" time="20.349"/>
  <testcase classname="com.common.ui.Import_People_Page" name="Click_On_Given_Button_On_Import_Page" time="20.662"/>
  <testcase classname="com.common.ui.People_Page" name="Open_Help_Section" time="0.038"/>
  <testcase classname="com.common.ui.Help_Page" name="Click_Create_Button_On_Help_Section" time="20.307"/>
  <testcase classname="com.common.ui.New_Record_Form" name="Click_On_Given_Button_On_New_Record_Pannel" time="81.336"/>
  <testcase classname="com.common.ui.Help_Page" name="Close_Help_Section" time="20.014"/>
  <testcase classname="com.common.ui.People_Page" name="Click_On_New_Button" time="81.5"/>
  <testcase classname="com.common.ui.New_Record_Form" name="Fill_New_Record_Form" time="1.351"/>
  <testcase classname="com.common.ui.New_Record_Form" name="Click_On_Given_Button_On_New_Record_Pannel" time="20.392"/>
  <testcase classname="com.common.ui.New_Record_Form" name="Click_On_Close_Icon_On_New_Record_Pannel" time="2.367"/>
  <testcase classname="com.common.ui.People_Page" name="Verify_Record_Added_Or_Not" time="0.001"/>
  <testcase classname="com.common.ui.People_Page" name="Click_On_New_Button" time="20.276"/>
  <testcase classname="com.common.ui.New_Record_Form" name="Fill_New_Record_Form" time="1.236"/>
  <testcase classname="com.common.ui.New_Record_Form" name="Click_On_Given_Button_On_New_Record_Pannel" time="20.31"/>
  <testcase classname="com.common.ui.People_Page" name="Verify_Record_Added_Or_Not" time="0.001"/>
  <testcase classname="com.common.ui.People_Page" name="Click_On_New_Button" time="20.288"/>
  <testcase classname="com.common.ui.New_Record_Form" name="Fill_New_Record_Form" time="0.525"/>
  <testcase classname="com.common.ui.New_Record_Form" name="Verify_Button_Visiblity" time="0.035"/>
  <testcase classname="com.common.ui.New_Record_Form" name="Click_On_Close_Icon_On_New_Record_Pannel" time="2.298"/>
  <testcase classname="com.common.ui.People_Page" name="Click_On_New_Button" time="20.234"/>
  <testcase classname="com.common.ui.New_Record_Form" name="Click_On_Given_Button_On_New_Record_Pannel" time="20.278"/>
  <testcase classname="com.common.ui.People_Page" name="Verify_Record_Added_Or_Not" time="0"/>
  <testcase classname="com.common.ui.People_Page" name="Click_On_New_Button" time="20.244"/>
  <testcase classname="com.common.ui.New_Record_Form" name="Click_On_Close_Icon_On_New_Record_Pannel" time="2.266"/>
  <testcase classname="com.common.ui.New_Record_Form" name="Click_On_Given_Button_On_New_Record_Pannel" time="2.267">
    <skipped/>
  </testcase>
  <testcase classname="com.common.ui.People_Page" name="Verify_Record_Added_Or_Not" time="2.267">
    <skipped/>
  </testcase>
  <testcase classname="com.common.ui.People_Page" name="Click_On_Import_Button" time="20.357"/>
  <testcase classname="com.common.ui.Import_People_Page" name="Click_On_Given_Button_On_Import_Page" time="20.395"/>
  <testcase classname="com.common.ui.Help_Page" name="Close_Help_Section" time="20.181"/>
  <testcase classname="com.common.ui.People_Page" name="Verify_Record_Added_Or_Not" time="0"/>
  <testcase classname="com.common.ui.People_Page" name="Click_On_Import_Button" time="20.28"/>
  <testcase classname="com.common.ui.Import_People_Page" name="Verify_Button_Visiblity_On_Import_Page" time="0.022"/>
  <testcase classname="com.common.ui.Import_People_Page" name="Download_Sample_File" time="25.239"/>
  <testcase classname="com.common.ui.Import_People_Page" name="Upload_Given_File_On_Import_Page" time="3.738"/>
  <testcase classname="com.common.ui.Import_People_Page" name="Click_On_Given_Button_On_Import_Page" time="20.28"/>
  <testcase classname="com.common.ui.Import_People_Page" name="By_Default_Map_Records_And_Override_Duplicates" time="50.385"/>
  <testcase classname="com.common.ui.People_Page" name="Click_On_Export_Button" time="20.141"/>
  <testcase classname="com.common.ui.People_Page" name="Verify_File_Downloaded" time="5.005"/>
  <testcase classname="com.common.ui.People_Page" name="Click_On_Add_Filters" time="20.294"/>
  <testcase classname="com.common.ui.People_Page" name="Add_Filters" time="82.993"/>
  <testcase classname="com.common.ui.People_Page" name="Verify_Filter_Data_In_Given_Table_Column" time="2.052"/>
  <testcase classname="com.common.ui.People_Page" name="Clear_All_Filters" time="25.306"/>
  <testcase classname="com.common.ui.People_Page" name="Click_On_Header_Title_DropDown" time="21.176"/>
  <testcase classname="com.common.ui.People_Page" name="Validate_Sorting_A_To_Z" time="143.908">
    <failure message="Unable to Sort A-Z expected [true] but found [false]" type="java.lang.AssertionError">java.lang.AssertionError: Unable to Sort A-Z expected [true] but found [false]
	at org.testng.Assert.fail(Assert.java:94)
	at org.testng.Assert.failNotEquals(Assert.java:496)
	at org.testng.Assert.assertTrue(Assert.java:42)
	at com.common.ui.People_Page.Validate_Sorting_A_To_Z(People_Page.java:457)
</failure>
    <system-out>Creating child node
 INFO 2021-02-27 09:24:43,814 main: (Util.java:94) - (People_Page.Java:593) All Data  [Test User1 first name, Test User2 first name, Joan, Jennifer, Shawn, Julia, Jane, Robb, Nasir, Janice, Russell, Khim Wee]
 INFO 2021-02-27 09:24:43,815 main: (Util.java:94) - (People_Page.Java:437) Sorted : [Jane, Janice, Jennifer, Joan, Julia, Khim Wee, Nasir, Robb, Russell, Shawn, Test User1 first name, Test User2 first name]
 INFO 2021-02-27 09:25:04,129 main: (Util.java:94) - (People_Page.Java:361) Click on Header Title DropDown : First Name
 INFO 2021-02-27 09:25:24,215 main: (Visible.java:55) - Pausing the Execution for 1 Seconds.
 INFO 2021-02-27 09:25:25,275 main: (Util.java:94) - (People_Page.Java:368) Successfully clicked on Header Title DropDown. 
 INFO 2021-02-27 09:25:25,275 main: (Util.java:94) - (People_Page.Java:448) Click on &apos;Sort (A-Z)&apos; of Header : First Name
 INFO 2021-02-27 09:26:05,953 main: (Util.java:94) - (People_Page.Java:593) All Data  [Jane, Janice, Jennifer, Joan, Julia, Khim Wee, Nasir, Robb, Russell, Shawn, Russell, Khim Wee]
 INFO 2021-02-27 09:26:26,108 main: (Util.java:94) - (People_Page.Java:361) Click on Header Title DropDown : First Name
 INFO 2021-02-27 09:26:46,281 main: (Visible.java:55) - Pausing the Execution for 1 Seconds.
 INFO 2021-02-27 09:26:47,351 main: (Util.java:94) - (People_Page.Java:368) Successfully clicked on Header Title DropDown. 
</system-out>
  </testcase>
  <testcase classname="com.common.ui.People_Page" name="Validate_Sorting_Z_To_A" time="143.693">
    <failure message="Unable to Sort Z-A expected [true] but found [false]" type="java.lang.AssertionError">java.lang.AssertionError: Unable to Sort Z-A expected [true] but found [false]
	at org.testng.Assert.fail(Assert.java:94)
	at org.testng.Assert.failNotEquals(Assert.java:496)
	at org.testng.Assert.assertTrue(Assert.java:42)
	at com.common.ui.People_Page.Validate_Sorting_Z_To_A(People_Page.java:494)
</failure>
    <system-out>Screenshot path ----- C:\Users\Administrator\.jenkins\Automation_Project\OutputData\Screenshots\Validate_Sorting_A_To_Z2ip.png
 INFO 2021-02-27 09:26:48,012 main: (Util.java:94) - (Annotation.Java:109) Unable to Sort A-Z expected [true] but found [false]
org.testng.Assert.fail(Assert.java:94)&lt;br /&gt;org.testng.Assert.failNotEquals(Assert.java:496)&lt;br /&gt;org.testng.Assert.assertTrue(Assert.java:42)&lt;br /&gt;com.common.ui.People_Page.Validate_Sorting_A_To_Z(People_Page.java:457)&lt;br /&gt;sun.reflect.NativeMethodAccessorImpl.invoke0(Native Method)&lt;br /&gt;sun.reflect.NativeMethodAccessorImpl.invoke(NativeMethodAccessorImpl.java:62)&lt;br /&gt;sun.reflect.DelegatingMethodAccessorImpl.invoke(DelegatingMethodAccessorImpl.java:43)&lt;br /&gt;java.lang.reflect.Method.invoke(Method.java:498)&lt;br /&gt;org.testng.internal.MethodInvocationHelper.invokeMethod(MethodInvocationHelper.java:85)&lt;br /&gt;org.testng.internal.Invoker.invokeMethod(Invoker.java:639)&lt;br /&gt;org.testng.internal.Invoker.invokeTestMethod(Invoker.java:816)&lt;br /&gt;org.testng.internal.Invoker.invokeTestMethods(Invoker.java:1124)&lt;br /&gt;org.testng.internal.TestMethodWorker.invokeTestMethods(TestMethodWorker.java:125)&lt;br /&gt;org.testng.internal.TestMethodWorker.run(TestMethodWorker.java:108)&lt;br /&gt;org.testng.TestRunner.privateRun(TestRunner.java:774)&lt;br /&gt;org.testng.TestRunner.run(TestRunner.java:624)&lt;br /&gt;org.testng.SuiteRunner.runTest(SuiteRunner.java:359)&lt;br /&gt;org.testng.SuiteRunner.runSequentially(SuiteRunner.java:354)&lt;br /&gt;org.testng.SuiteRunner.privateRun(SuiteRunner.java:312)&lt;br /&gt;org.testng.SuiteRunner.run(SuiteRunner.java:261)&lt;br /&gt;org.testng.SuiteRunnerWorker.runSuite(SuiteRunnerWorker.java:52)&lt;br /&gt;org.testng.SuiteRunnerWorker.run(SuiteRunnerWorker.java:86)&lt;br /&gt;org.testng.TestNG.runSuitesSequentially(TestNG.java:1215)&lt;br /&gt;org.testng.TestNG.runSuitesLocally(TestNG.java:1140)&lt;br /&gt;org.testng.TestNG.run(TestNG.java:1048)&lt;br /&gt;org.apache.maven.surefire.testng.TestNGExecutor.run(TestNGExecutor.java:73)&lt;br /&gt;org.apache.maven.surefire.testng.TestNGXmlTestSuite.execute(TestNGXmlTestSuite.java:94)&lt;br /&gt;org.apache.maven.surefire.Surefire.run(Surefire.java:169)&lt;br /&gt;sun.reflect.NativeMethodAccessorImpl.invoke0(Native Method)&lt;br /&gt;sun.reflect.NativeMethodAccessorImpl.invoke(NativeMethodAccessorImpl.java:62)&lt;br /&gt;sun.reflect.DelegatingMethodAccessorImpl.invoke(DelegatingMethodAccessorImpl.java:43)&lt;br /&gt;java.lang.reflect.Method.invoke(Method.java:498)&lt;br /&gt;org.apache.maven.surefire.booter.SurefireBooter.runSuitesInProcess(SurefireBooter.java:350)&lt;br /&gt;org.apache.maven.surefire.booter.SurefireBooter.main(SurefireBooter.java:1021)&lt;br /&gt;
 INFO 2021-02-27 09:26:48,013 main: (Annotation.java:75) - 

-------------------------------------------------------------------------------------------------------------------------- 
 TEST CASE ENDED : &quot;VERIFY_SORTING_A_TO_Z_FROM_HEADER&quot; 
-------------------------------------------------------------------------------------------------------------------------- 

 INFO 2021-02-27 09:26:48,018 main: (Annotation.java:86) - 

-------------------------------------------------------------------------------------------------------------------------- 
 TEST CASE STARTED : &quot;VERIFY_SORTING_Z_TO_A_FROM_HEADER&quot; 
-------------------------------------------------------------------------------------------------------------------------- 

Creating child node
 INFO 2021-02-27 09:27:08,435 main: (Util.java:94) - (People_Page.Java:593) All Data  [Test User1 first name, Test User2 first name, Joan, Jennifer, Shawn, Julia, Jane, Robb, Nasir, Janice, Russell, Khim Wee]
 INFO 2021-02-27 09:27:08,436 main: (Util.java:94) - (People_Page.Java:475) reverse Sorted : [Test User2 first name, Test User1 first name, Shawn, Russell, Robb, Nasir, Khim Wee, Julia, Joan, Jennifer, Janice, Jane]
 INFO 2021-02-27 09:27:28,728 main: (Util.java:94) - (People_Page.Java:361) Click on Header Title DropDown : First Name
 INFO 2021-02-27 09:27:48,811 main: (Visible.java:55) - Pausing the Execution for 1 Seconds.
 INFO 2021-02-27 09:27:49,864 main: (Util.java:94) - (People_Page.Java:368) Successfully clicked on Header Title DropDown. 
 INFO 2021-02-27 09:27:49,865 main: (Util.java:94) - (People_Page.Java:485) Click on &apos;Sort (Z-A)&apos; of Header : First Name
 INFO 2021-02-27 09:28:30,414 main: (Util.java:94) - (People_Page.Java:593) All Data  [Test User2 first name, Test User1 first name, Shawn, Russell, Robb, Nasir, Khim Wee, Julia, Joan, Jennifer, Russell, Khim Wee]
 INFO 2021-02-27 09:28:50,569 main: (Util.java:94) - (People_Page.Java:361) Click on Header Title DropDown : First Name
 INFO 2021-02-27 09:29:10,655 main: (Visible.java:55) - Pausing the Execution for 1 Seconds.
 INFO 2021-02-27 09:29:11,711 main: (Util.java:94) - (People_Page.Java:368) Successfully clicked on Header Title DropDown. 
</system-out>
  </testcase>
  <testcase classname="com.common.ui.People_Page" name="Click_Filters_From_Table_Header" time="20.259"/>
  <testcase classname="com.common.ui.People_Page" name="Validate_Search_Functionality" time="42.733"/>
  <testcase classname="com.common.ui.People_Page" name="Validate_Column_Hide_Functinality_From_Column_Header" time="80.74"/>
  <testcase classname="com.common.ui.People_Page" name="Open_Arrange_Icon_Container" time="20.263"/>
  <testcase classname="com.common.ui.People_Page" name="Hide_Unhide_Table_Column" time="60.568"/>
  <testcase classname="com.common.ui.People_Page" name="Delete_Records" time="85.34"/>
</testsuite>