<?xml version="1.0" encoding="UTF-8"?>
<testng-results skipped="2" failed="2" total="56" passed="52">
  <reporter-output>
  </reporter-output>
  <suite name="Suite" duration-ms="1453530" started-at="2021-02-27T09:10:08Z" finished-at="2021-02-27T09:34:21Z">
    <groups>
      <group name="Click_On_Close_Icon_On_New_Record_Pannel">
        <method signature="New_Record_Form.Click_On_Close_Icon_On_New_Record_Pannel()[pri:0, instance:com.common.ui.New_Record_Form@1c3146bc]" name="Click_On_Close_Icon_On_New_Record_Pannel" class="com.common.ui.New_Record_Form"/>
        <method signature="New_Record_Form.Click_On_Close_Icon_On_New_Record_Pannel()[pri:0, instance:com.common.ui.New_Record_Form@2eced48b]" name="Click_On_Close_Icon_On_New_Record_Pannel" class="com.common.ui.New_Record_Form"/>
        <method signature="New_Record_Form.Click_On_Close_Icon_On_New_Record_Pannel()[pri:0, instance:com.common.ui.New_Record_Form@5c18016b]" name="Click_On_Close_Icon_On_New_Record_Pannel" class="com.common.ui.New_Record_Form"/>
      </group> <!-- Click_On_Close_Icon_On_New_Record_Pannel -->
      <group name="Upload_Given_File_On_Import_Page">
        <method signature="Import_People_Page.Upload_Given_File_On_Import_Page(java.lang.String)[pri:0, instance:com.common.ui.Import_People_Page@6bea52d4]" name="Upload_Given_File_On_Import_Page" class="com.common.ui.Import_People_Page"/>
      </group> <!-- Upload_Given_File_On_Import_Page -->
      <group name="Click_On_Import_Button">
        <method signature="People_Page.Click_On_Import_Button()[pri:0, instance:com.common.ui.People_Page@2f6e28bc]" name="Click_On_Import_Button" class="com.common.ui.People_Page"/>
        <method signature="People_Page.Click_On_Import_Button()[pri:0, instance:com.common.ui.People_Page@4bc28c33]" name="Click_On_Import_Button" class="com.common.ui.People_Page"/>
      </group> <!-- Click_On_Import_Button -->
      <group name="Click_Create_Button_On_Help_Section">
        <method signature="Help_Page.Click_Create_Button_On_Help_Section()[pri:0, instance:com.common.ui.Help_Page@bf1ec20]" name="Click_Create_Button_On_Help_Section" class="com.common.ui.Help_Page"/>
      </group> <!-- Click_Create_Button_On_Help_Section -->
      <group name="Add_Filters">
        <method signature="People_Page.Add_Filters(java.lang.String, java.lang.String, java.lang.String)[pri:0, instance:com.common.ui.People_Page@b6b1987]" name="Add_Filters" class="com.common.ui.People_Page"/>
      </group> <!-- Add_Filters -->
      <group name="Click_On_Export_Button">
        <method signature="People_Page.Click_On_Export_Button()[pri:0, instance:com.common.ui.People_Page@774698ab]" name="Click_On_Export_Button" class="com.common.ui.People_Page"/>
      </group> <!-- Click_On_Export_Button -->
      <group name="Open Xpmgr">
        <method signature="Login_Page.Open_Xpmgr()[pri:0, instance:com.common.ui.Login_Page@235a0c16]" name="Open_Xpmgr" class="com.common.ui.Login_Page"/>
      </group> <!-- Open Xpmgr -->
      <group name="Verify_Filter_Data_In_Given_Table_Column">
        <method signature="People_Page.Verify_Filter_Data_In_Given_Table_Column(java.lang.String, java.lang.String, java.lang.String)[pri:0, instance:com.common.ui.People_Page@b6b1987]" name="Verify_Filter_Data_In_Given_Table_Column" class="com.common.ui.People_Page"/>
      </group> <!-- Verify_Filter_Data_In_Given_Table_Column -->
      <group name="By_Default_Map_Records_And_Override_Duplicates">
        <method signature="Import_People_Page.By_Default_Map_Records_And_Override_Duplicates()[pri:0, instance:com.common.ui.Import_People_Page@6bea52d4]" name="By_Default_Map_Records_And_Override_Duplicates" class="com.common.ui.Import_People_Page"/>
      </group> <!-- By_Default_Map_Records_And_Override_Duplicates -->
      <group name="Validate_Sorting_A_To_Z">
        <method signature="People_Page.Validate_Sorting_A_To_Z(java.lang.String, java.lang.String)[pri:0, instance:com.common.ui.People_Page@698122b2]" name="Validate_Sorting_A_To_Z" class="com.common.ui.People_Page"/>
      </group> <!-- Validate_Sorting_A_To_Z -->
      <group name="Open_Help_Section">
        <method signature="People_Page.Open_Help_Section()[pri:0, instance:com.common.ui.People_Page@47a5b70d]" name="Open_Help_Section" class="com.common.ui.People_Page"/>
        <method signature="People_Page.Open_Help_Section()[pri:0, instance:com.common.ui.People_Page@b70da4c]" name="Open_Help_Section" class="com.common.ui.People_Page"/>
      </group> <!-- Open_Help_Section -->
      <group name="Verify_Record_Added_Or_Not">
        <method signature="People_Page.Verify_Record_Added_Or_Not(int)[pri:0, instance:com.common.ui.People_Page@5733f295]" name="Verify_Record_Added_Or_Not" class="com.common.ui.People_Page"/>
        <method signature="People_Page.Verify_Record_Added_Or_Not(int)[pri:0, instance:com.common.ui.People_Page@4c4748bf]" name="Verify_Record_Added_Or_Not" class="com.common.ui.People_Page"/>
        <method signature="People_Page.Verify_Record_Added_Or_Not(int)[pri:0, instance:com.common.ui.People_Page@7096b474]" name="Verify_Record_Added_Or_Not" class="com.common.ui.People_Page"/>
        <method signature="People_Page.Verify_Record_Added_Or_Not(int)[pri:0, instance:com.common.ui.People_Page@1951b871]" name="Verify_Record_Added_Or_Not" class="com.common.ui.People_Page"/>
        <method signature="People_Page.Verify_Record_Added_Or_Not(int)[pri:0, instance:com.common.ui.People_Page@2f6e28bc]" name="Verify_Record_Added_Or_Not" class="com.common.ui.People_Page"/>
      </group> <!-- Verify_Record_Added_Or_Not -->
      <group name="Fill_New_Record_Form">
        <method signature="New_Record_Form.Fill_New_Record_Form(java.lang.String, java.lang.String, java.lang.String, java.lang.String, java.lang.String)[pri:0, instance:com.common.ui.New_Record_Form@1c3146bc]" name="Fill_New_Record_Form" class="com.common.ui.New_Record_Form"/>
        <method signature="New_Record_Form.Fill_New_Record_Form(java.lang.String, java.lang.String, java.lang.String, java.lang.String, java.lang.String)[pri:0, instance:com.common.ui.New_Record_Form@7ce97ee5]" name="Fill_New_Record_Form" class="com.common.ui.New_Record_Form"/>
        <method signature="New_Record_Form.Fill_New_Record_Form(java.lang.String, java.lang.String, java.lang.String, java.lang.String, java.lang.String)[pri:0, instance:com.common.ui.New_Record_Form@2eced48b]" name="Fill_New_Record_Form" class="com.common.ui.New_Record_Form"/>
      </group> <!-- Fill_New_Record_Form -->
      <group name="Open_Arrange_Icon_Container">
        <method signature="People_Page.Open_Arrange_Icon_Container()[pri:0, instance:com.common.ui.People_Page@6941827a]" name="Open_Arrange_Icon_Container" class="com.common.ui.People_Page"/>
      </group> <!-- Open_Arrange_Icon_Container -->
      <group name="Click_Import_Button_On_Help_Section">
        <method signature="Help_Page.Click_Import_Button_On_Help_Section()[pri:0, instance:com.common.ui.Help_Page@424fd310]" name="Click_Import_Button_On_Help_Section" class="com.common.ui.Help_Page"/>
      </group> <!-- Click_Import_Button_On_Help_Section -->
      <group name="Click_On_Header_Title_DropDown">
        <method signature="People_Page.Click_On_Header_Title_DropDown(java.lang.String)[pri:0, instance:com.common.ui.People_Page@698122b2]" name="Click_On_Header_Title_DropDown" class="com.common.ui.People_Page"/>
      </group> <!-- Click_On_Header_Title_DropDown -->
      <group name="Clear_All_Filters">
        <method signature="People_Page.Clear_All_Filters()[pri:0, instance:com.common.ui.People_Page@b6b1987]" name="Clear_All_Filters" class="com.common.ui.People_Page"/>
      </group> <!-- Clear_All_Filters -->
      <group name="Validate_Column_Hide_Functinality_From_Column_Header">
        <method signature="People_Page.Validate_Column_Hide_Functinality_From_Column_Header(java.lang.String, java.lang.String)[pri:0, instance:com.common.ui.People_Page@77a98a6a]" name="Validate_Column_Hide_Functinality_From_Column_Header" class="com.common.ui.People_Page"/>
      </group> <!-- Validate_Column_Hide_Functinality_From_Column_Header -->
      <group name="Download_Sample_File">
        <method signature="Import_People_Page.Download_Sample_File()[pri:0, instance:com.common.ui.Import_People_Page@312ab28e]" name="Download_Sample_File" class="com.common.ui.Import_People_Page"/>
      </group> <!-- Download_Sample_File -->
      <group name="Login">
        <method signature="Login_Page.Open_Xpmgr()[pri:0, instance:com.common.ui.Login_Page@235a0c16]" name="Open_Xpmgr" class="com.common.ui.Login_Page"/>
        <method signature="Login_Page.Login()[pri:0, instance:com.common.ui.Login_Page@235a0c16]" name="Login" class="com.common.ui.Login_Page"/>
      </group> <!-- Login -->
      <group name="Click_On_People_Link">
        <method signature="ProjectDetail_Page.Click_On_People_Link()[pri:0, instance:com.common.ui.ProjectDetail_Page@5b529706]" name="Click_On_People_Link" class="com.common.ui.ProjectDetail_Page"/>
      </group> <!-- Click_On_People_Link -->
      <group name="Click_On_Given_Button_On_Import_Page">
        <method signature="Import_People_Page.Click_On_Given_Button_On_Import_Page(java.lang.String)[pri:0, instance:com.common.ui.Import_People_Page@38f116f6]" name="Click_On_Given_Button_On_Import_Page" class="com.common.ui.Import_People_Page"/>
        <method signature="Import_People_Page.Click_On_Given_Button_On_Import_Page(java.lang.String)[pri:0, instance:com.common.ui.Import_People_Page@31e4bb20]" name="Click_On_Given_Button_On_Import_Page" class="com.common.ui.Import_People_Page"/>
        <method signature="Import_People_Page.Click_On_Given_Button_On_Import_Page(java.lang.String)[pri:0, instance:com.common.ui.Import_People_Page@6bea52d4]" name="Click_On_Given_Button_On_Import_Page" class="com.common.ui.Import_People_Page"/>
      </group> <!-- Click_On_Given_Button_On_Import_Page -->
      <group name="Verify_Button_Visiblity_On_Import_Page">
        <method signature="Import_People_Page.Verify_Button_Visiblity_On_Import_Page(java.lang.String, boolean)[pri:0, instance:com.common.ui.Import_People_Page@4409e975]" name="Verify_Button_Visiblity_On_Import_Page" class="com.common.ui.Import_People_Page"/>
      </group> <!-- Verify_Button_Visiblity_On_Import_Page -->
      <group name="Close_Help_Section">
        <method signature="Help_Page.Close_Help_Section()[pri:0, instance:com.common.ui.Help_Page@bf1ec20]" name="Close_Help_Section" class="com.common.ui.Help_Page"/>
        <method signature="Help_Page.Close_Help_Section()[pri:0, instance:com.common.ui.Help_Page@7c098bb3]" name="Close_Help_Section" class="com.common.ui.Help_Page"/>
      </group> <!-- Close_Help_Section -->
      <group name="Click_On_Given_Button_On_New_Record_Pannel">
        <method signature="New_Record_Form.Click_On_Given_Button_On_New_Record_Pannel(java.lang.String)[pri:0, instance:com.common.ui.New_Record_Form@70efb718]" name="Click_On_Given_Button_On_New_Record_Pannel" class="com.common.ui.New_Record_Form"/>
        <method signature="New_Record_Form.Click_On_Given_Button_On_New_Record_Pannel(java.lang.String)[pri:0, instance:com.common.ui.New_Record_Form@1c3146bc]" name="Click_On_Given_Button_On_New_Record_Pannel" class="com.common.ui.New_Record_Form"/>
        <method signature="New_Record_Form.Click_On_Given_Button_On_New_Record_Pannel(java.lang.String)[pri:0, instance:com.common.ui.New_Record_Form@7ce97ee5]" name="Click_On_Given_Button_On_New_Record_Pannel" class="com.common.ui.New_Record_Form"/>
        <method signature="New_Record_Form.Click_On_Given_Button_On_New_Record_Pannel(java.lang.String)[pri:0, instance:com.common.ui.New_Record_Form@3e14c16d]" name="Click_On_Given_Button_On_New_Record_Pannel" class="com.common.ui.New_Record_Form"/>
        <method signature="New_Record_Form.Click_On_Given_Button_On_New_Record_Pannel(java.lang.String)[pri:0, instance:com.common.ui.New_Record_Form@5c18016b]" name="Click_On_Given_Button_On_New_Record_Pannel" class="com.common.ui.New_Record_Form"/>
      </group> <!-- Click_On_Given_Button_On_New_Record_Pannel -->
      <group name="Click_On_Add_Filters">
        <method signature="People_Page.Click_On_Add_Filters()[pri:0, instance:com.common.ui.People_Page@b6b1987]" name="Click_On_Add_Filters" class="com.common.ui.People_Page"/>
      </group> <!-- Click_On_Add_Filters -->
      <group name="Delete_Records">
        <method signature="People_Page.Delete_Records()[pri:0, instance:com.common.ui.People_Page@5e81e5ac]" name="Delete_Records" class="com.common.ui.People_Page"/>
      </group> <!-- Delete_Records -->
      <group name="Verify_Button_Visiblity">
        <method signature="New_Record_Form.Verify_Button_Visiblity(java.lang.String, boolean)[pri:0, instance:com.common.ui.New_Record_Form@2eced48b]" name="Verify_Button_Visiblity" class="com.common.ui.New_Record_Form"/>
      </group> <!-- Verify_Button_Visiblity -->
      <group name="Validate_Search_Functionality">
        <method signature="People_Page.Validate_Search_Functionality(java.lang.String, java.lang.String)[pri:0, instance:com.common.ui.People_Page@75b25825]" name="Validate_Search_Functionality" class="com.common.ui.People_Page"/>
      </group> <!-- Validate_Search_Functionality -->
      <group name="Verify_File_Downloaded">
        <method signature="People_Page.Verify_File_Downloaded(java.lang.String, java.lang.String)[pri:0, instance:com.common.ui.People_Page@774698ab]" name="Verify_File_Downloaded" class="com.common.ui.People_Page"/>
      </group> <!-- Verify_File_Downloaded -->
      <group name="Validate_Sorting_Z_To_A">
        <method signature="People_Page.Validate_Sorting_Z_To_A(java.lang.String, java.lang.String)[pri:0, instance:com.common.ui.People_Page@476b0ae6]" name="Validate_Sorting_Z_To_A" class="com.common.ui.People_Page"/>
      </group> <!-- Validate_Sorting_Z_To_A -->
      <group name="Click_On_New_Button">
        <method signature="People_Page.Click_On_New_Button()[pri:0, instance:com.common.ui.People_Page@5733f295]" name="Click_On_New_Button" class="com.common.ui.People_Page"/>
        <method signature="People_Page.Click_On_New_Button()[pri:0, instance:com.common.ui.People_Page@4c4748bf]" name="Click_On_New_Button" class="com.common.ui.People_Page"/>
        <method signature="People_Page.Click_On_New_Button()[pri:0, instance:com.common.ui.People_Page@14d14731]" name="Click_On_New_Button" class="com.common.ui.People_Page"/>
        <method signature="People_Page.Click_On_New_Button()[pri:0, instance:com.common.ui.People_Page@7096b474]" name="Click_On_New_Button" class="com.common.ui.People_Page"/>
        <method signature="People_Page.Click_On_New_Button()[pri:0, instance:com.common.ui.People_Page@1951b871]" name="Click_On_New_Button" class="com.common.ui.People_Page"/>
      </group> <!-- Click_On_New_Button -->
      <group name="Click_Filters_From_Table_Header">
        <method signature="People_Page.Click_Filters_From_Table_Header(java.lang.String)[pri:0, instance:com.common.ui.People_Page@3eeb318f]" name="Click_Filters_From_Table_Header" class="com.common.ui.People_Page"/>
      </group> <!-- Click_Filters_From_Table_Header -->
      <group name="Hide_Unhide_Table_Column">
        <method signature="People_Page.Hide_Unhide_Table_Column(java.lang.String)[pri:0, instance:com.common.ui.People_Page@6941827a]" name="Hide_Unhide_Table_Column" class="com.common.ui.People_Page"/>
      </group> <!-- Hide_Unhide_Table_Column -->
      <group name="Open_Project">
        <method signature="Project_List_Page.Open_Project(java.lang.String)[pri:0, instance:com.common.ui.Project_List_Page@2371aaca]" name="Open_Project" class="com.common.ui.Project_List_Page"/>
      </group> <!-- Open_Project -->
    </groups>
    <test name="VERIFY_LOGIN_FUNCTIONALITY" duration-ms="35875" started-at="2021-02-27T09:10:08Z" finished-at="2021-02-27T09:10:44Z">
      <class name="com.common.ui.Login_Page">
        <test-method status="PASS" signature="Before_Test_1(org.testng.ITestContext, java.lang.String, java.lang.String)[pri:0, instance:com.common.ui.Login_Page@235a0c16]" name="Before_Test_1" is-config="true" duration-ms="86" started-at="2021-02-27T09:10:08Z" finished-at="2021-02-27T09:10:08Z">
          <params>
            <param index="0">
              <value>
                <![CDATA[org.testng.TestRunner@a84338a]]>
              </value>
            </param>
            <param index="1">
              <value is-null="true"/>
            </param>
            <param index="2">
              <value is-null="true"/>
            </param>
          </params>
          <reporter-output>
          </reporter-output>
        </test-method> <!-- Before_Test_1 -->
        <test-method status="PASS" signature="Before_Method(java.lang.reflect.Method)[pri:0, instance:com.common.ui.Login_Page@235a0c16]" name="Before_Method" is-config="true" duration-ms="1" started-at="2021-02-27T09:10:08Z" finished-at="2021-02-27T09:10:08Z">
          <params>
            <param index="0">
              <value>
                <![CDATA[public static void com.common.ui.Login_Page.Open_Xpmgr()]]>
              </value>
            </param>
          </params>
          <reporter-output>
          </reporter-output>
        </test-method> <!-- Before_Method -->
        <test-method status="PASS" signature="Open_Xpmgr()[pri:0, instance:com.common.ui.Login_Page@235a0c16]" name="Open_Xpmgr" duration-ms="10098" started-at="2021-02-27T09:10:08Z" finished-at="2021-02-27T09:10:18Z">
          <reporter-output>
          </reporter-output>
        </test-method> <!-- Open_Xpmgr -->
        <test-method status="PASS" signature="After_Method(org.testng.ITestResult, java.lang.reflect.Method)[pri:0, instance:com.common.ui.Login_Page@235a0c16]" name="After_Method" is-config="true" duration-ms="0" started-at="2021-02-27T09:10:18Z" finished-at="2021-02-27T09:10:18Z">
          <params>
            <param index="0">
              <value>
                <![CDATA[[TestResult name=Open_Xpmgr status=SUCCESS method=Login_Page.Open_Xpmgr()[pri:0, instance:com.common.ui.Login_Page@235a0c16] output={null}]]]>
              </value>
            </param>
            <param index="1">
              <value>
                <![CDATA[public static void com.common.ui.Login_Page.Open_Xpmgr()]]>
              </value>
            </param>
          </params>
          <reporter-output>
          </reporter-output>
        </test-method> <!-- After_Method -->
        <test-method status="PASS" signature="Login()[pri:0, instance:com.common.ui.Login_Page@235a0c16]" name="Login" duration-ms="25680" started-at="2021-02-27T09:10:18Z" depends-on-methods="com.common.ui.Login_Page.Open_Xpmgr" finished-at="2021-02-27T09:10:44Z">
          <reporter-output>
          </reporter-output>
        </test-method> <!-- Login -->
        <test-method status="PASS" signature="Before_Method(java.lang.reflect.Method)[pri:0, instance:com.common.ui.Login_Page@235a0c16]" name="Before_Method" is-config="true" duration-ms="0" started-at="2021-02-27T09:10:18Z" finished-at="2021-02-27T09:10:18Z">
          <params>
            <param index="0">
              <value>
                <![CDATA[public static void com.common.ui.Login_Page.Login()]]>
              </value>
            </param>
          </params>
          <reporter-output>
          </reporter-output>
        </test-method> <!-- Before_Method -->
        <test-method status="PASS" signature="After_Test(org.testng.ITestContext)[pri:0, instance:com.common.ui.Login_Page@235a0c16]" name="After_Test" is-config="true" duration-ms="0" started-at="2021-02-27T09:10:44Z" finished-at="2021-02-27T09:10:44Z">
          <params>
            <param index="0">
              <value>
                <![CDATA[org.testng.TestRunner@a84338a]]>
              </value>
            </param>
          </params>
          <reporter-output>
          </reporter-output>
        </test-method> <!-- After_Test -->
        <test-method status="PASS" signature="After_Method(org.testng.ITestResult, java.lang.reflect.Method)[pri:0, instance:com.common.ui.Login_Page@235a0c16]" name="After_Method" is-config="true" duration-ms="0" started-at="2021-02-27T09:10:44Z" finished-at="2021-02-27T09:10:44Z">
          <params>
            <param index="0">
              <value>
                <![CDATA[[TestResult name=Login status=SUCCESS method=Login_Page.Login()[pri:0, instance:com.common.ui.Login_Page@235a0c16] output={null}]]]>
              </value>
            </param>
            <param index="1">
              <value>
                <![CDATA[public static void com.common.ui.Login_Page.Login()]]>
              </value>
            </param>
          </params>
          <reporter-output>
          </reporter-output>
        </test-method> <!-- After_Method -->
      </class> <!-- com.common.ui.Login_Page -->
    </test> <!-- VERIFY_LOGIN_FUNCTIONALITY -->
    <test name="NAVIGATE_TO_PEOPLE_PAGE" duration-ms="64766" started-at="2021-02-27T09:10:44Z" finished-at="2021-02-27T09:11:49Z">
      <class name="com.common.ui.ProjectDetail_Page">
        <test-method status="PASS" signature="Before_Method(java.lang.reflect.Method)[pri:0, instance:com.common.ui.ProjectDetail_Page@5b529706]" name="Before_Method" is-config="true" duration-ms="0" started-at="2021-02-27T09:11:04Z" finished-at="2021-02-27T09:11:04Z">
          <params>
            <param index="0">
              <value>
                <![CDATA[public static void com.common.ui.ProjectDetail_Page.Click_On_People_Link()]]>
              </value>
            </param>
          </params>
          <reporter-output>
          </reporter-output>
        </test-method> <!-- Before_Method -->
        <test-method status="PASS" signature="Click_On_People_Link()[pri:0, instance:com.common.ui.ProjectDetail_Page@5b529706]" name="Click_On_People_Link" duration-ms="44437" depends-on-groups="Open_Project" started-at="2021-02-27T09:11:04Z" finished-at="2021-02-27T09:11:49Z">
          <reporter-output>
          </reporter-output>
        </test-method> <!-- Click_On_People_Link -->
        <test-method status="PASS" signature="After_Method(org.testng.ITestResult, java.lang.reflect.Method)[pri:0, instance:com.common.ui.ProjectDetail_Page@5b529706]" name="After_Method" is-config="true" duration-ms="0" started-at="2021-02-27T09:11:49Z" finished-at="2021-02-27T09:11:49Z">
          <params>
            <param index="0">
              <value>
                <![CDATA[[TestResult name=Click_On_People_Link status=SUCCESS method=ProjectDetail_Page.Click_On_People_Link()[pri:0, instance:com.common.ui.ProjectDetail_Page@5b529706] output={null}]]]>
              </value>
            </param>
            <param index="1">
              <value>
                <![CDATA[public static void com.common.ui.ProjectDetail_Page.Click_On_People_Link()]]>
              </value>
            </param>
          </params>
          <reporter-output>
          </reporter-output>
        </test-method> <!-- After_Method -->
      </class> <!-- com.common.ui.ProjectDetail_Page -->
      <class name="com.common.ui.Project_List_Page">
        <test-method status="PASS" signature="Before_Test_1(org.testng.ITestContext, java.lang.String, java.lang.String)[pri:0, instance:com.common.ui.Project_List_Page@2371aaca]" name="Before_Test_1" is-config="true" duration-ms="2" started-at="2021-02-27T09:10:44Z" finished-at="2021-02-27T09:10:44Z">
          <params>
            <param index="0">
              <value>
                <![CDATA[org.testng.TestRunner@740c4868]]>
              </value>
            </param>
            <param index="1">
              <value is-null="true"/>
            </param>
            <param index="2">
              <value is-null="true"/>
            </param>
          </params>
          <reporter-output>
          </reporter-output>
        </test-method> <!-- Before_Test_1 -->
        <test-method status="PASS" signature="Open_Project(java.lang.String)[pri:0, instance:com.common.ui.Project_List_Page@2371aaca]" name="Open_Project" duration-ms="20324" started-at="2021-02-27T09:10:44Z" finished-at="2021-02-27T09:11:04Z">
          <params>
            <param index="0">
              <value>
                <![CDATA[V Test]]>
              </value>
            </param>
          </params>
          <reporter-output>
          </reporter-output>
        </test-method> <!-- Open_Project -->
        <test-method status="PASS" signature="Before_Method(java.lang.reflect.Method)[pri:0, instance:com.common.ui.Project_List_Page@2371aaca]" name="Before_Method" is-config="true" duration-ms="0" started-at="2021-02-27T09:10:44Z" finished-at="2021-02-27T09:10:44Z">
          <params>
            <param index="0">
              <value>
                <![CDATA[public static void com.common.ui.Project_List_Page.Open_Project(java.lang.String)]]>
              </value>
            </param>
          </params>
          <reporter-output>
          </reporter-output>
        </test-method> <!-- Before_Method -->
        <test-method status="PASS" signature="After_Method(org.testng.ITestResult, java.lang.reflect.Method)[pri:0, instance:com.common.ui.Project_List_Page@2371aaca]" name="After_Method" is-config="true" duration-ms="1" started-at="2021-02-27T09:11:04Z" finished-at="2021-02-27T09:11:04Z">
          <params>
            <param index="0">
              <value>
                <![CDATA[[TestResult name=Open_Project status=SUCCESS method=Project_List_Page.Open_Project(java.lang.String)[pri:0, instance:com.common.ui.Project_List_Page@2371aaca] output={null}]]]>
              </value>
            </param>
            <param index="1">
              <value>
                <![CDATA[public static void com.common.ui.Project_List_Page.Open_Project(java.lang.String)]]>
              </value>
            </param>
          </params>
          <reporter-output>
          </reporter-output>
        </test-method> <!-- After_Method -->
        <test-method status="PASS" signature="After_Test(org.testng.ITestContext)[pri:0, instance:com.common.ui.Project_List_Page@2371aaca]" name="After_Test" is-config="true" duration-ms="1" started-at="2021-02-27T09:11:49Z" finished-at="2021-02-27T09:11:49Z">
          <params>
            <param index="0">
              <value>
                <![CDATA[org.testng.TestRunner@740c4868]]>
              </value>
            </param>
          </params>
          <reporter-output>
          </reporter-output>
        </test-method> <!-- After_Test -->
      </class> <!-- com.common.ui.Project_List_Page -->
    </test> <!-- NAVIGATE_TO_PEOPLE_PAGE -->
    <test name="VERIFY_IMPORT_BUTTON_FUNCTIONALITY_ON_HELP_SECTION" duration-ms="41057" started-at="2021-02-27T09:11:49Z" finished-at="2021-02-27T09:12:30Z">
      <class name="com.common.ui.People_Page">
        <test-method status="PASS" signature="Before_Test_1(org.testng.ITestContext, java.lang.String, java.lang.String)[pri:0, instance:com.common.ui.People_Page@47a5b70d]" name="Before_Test_1" is-config="true" duration-ms="1" started-at="2021-02-27T09:11:49Z" finished-at="2021-02-27T09:11:49Z">
          <params>
            <param index="0">
              <value>
                <![CDATA[org.testng.TestRunner@5f3f3d00]]>
              </value>
            </param>
            <param index="1">
              <value is-null="true"/>
            </param>
            <param index="2">
              <value is-null="true"/>
            </param>
          </params>
          <reporter-output>
          </reporter-output>
        </test-method> <!-- Before_Test_1 -->
        <test-method status="PASS" signature="Open_Help_Section()[pri:0, instance:com.common.ui.People_Page@47a5b70d]" name="Open_Help_Section" duration-ms="38" started-at="2021-02-27T09:11:49Z" finished-at="2021-02-27T09:11:49Z">
          <reporter-output>
          </reporter-output>
        </test-method> <!-- Open_Help_Section -->
        <test-method status="PASS" signature="Before_Method(java.lang.reflect.Method)[pri:0, instance:com.common.ui.People_Page@47a5b70d]" name="Before_Method" is-config="true" duration-ms="0" started-at="2021-02-27T09:11:49Z" finished-at="2021-02-27T09:11:49Z">
          <params>
            <param index="0">
              <value>
                <![CDATA[public static void com.common.ui.People_Page.Open_Help_Section()]]>
              </value>
            </param>
          </params>
          <reporter-output>
          </reporter-output>
        </test-method> <!-- Before_Method -->
        <test-method status="PASS" signature="After_Method(org.testng.ITestResult, java.lang.reflect.Method)[pri:0, instance:com.common.ui.People_Page@47a5b70d]" name="After_Method" is-config="true" duration-ms="1" started-at="2021-02-27T09:11:49Z" finished-at="2021-02-27T09:11:49Z">
          <params>
            <param index="0">
              <value>
                <![CDATA[[TestResult name=Open_Help_Section status=SUCCESS method=People_Page.Open_Help_Section()[pri:0, instance:com.common.ui.People_Page@47a5b70d] output={null}]]]>
              </value>
            </param>
            <param index="1">
              <value>
                <![CDATA[public static void com.common.ui.People_Page.Open_Help_Section()]]>
              </value>
            </param>
          </params>
          <reporter-output>
          </reporter-output>
        </test-method> <!-- After_Method -->
        <test-method status="PASS" signature="After_Test(org.testng.ITestContext)[pri:0, instance:com.common.ui.People_Page@47a5b70d]" name="After_Test" is-config="true" duration-ms="0" started-at="2021-02-27T09:12:30Z" finished-at="2021-02-27T09:12:30Z">
          <params>
            <param index="0">
              <value>
                <![CDATA[org.testng.TestRunner@5f3f3d00]]>
              </value>
            </param>
          </params>
          <reporter-output>
          </reporter-output>
        </test-method> <!-- After_Test -->
      </class> <!-- com.common.ui.People_Page -->
      <class name="com.common.ui.Import_People_Page">
        <test-method status="PASS" signature="Before_Method(java.lang.reflect.Method)[pri:0, instance:com.common.ui.Import_People_Page@38f116f6]" name="Before_Method" is-config="true" duration-ms="0" started-at="2021-02-27T09:12:09Z" finished-at="2021-02-27T09:12:09Z">
          <params>
            <param index="0">
              <value>
                <![CDATA[public static void com.common.ui.Import_People_Page.Click_On_Given_Button_On_Import_Page(java.lang.String) throws java.lang.InterruptedException]]>
              </value>
            </param>
          </params>
          <reporter-output>
          </reporter-output>
        </test-method> <!-- Before_Method -->
        <test-method status="PASS" signature="Click_On_Given_Button_On_Import_Page(java.lang.String)[pri:0, instance:com.common.ui.Import_People_Page@38f116f6]" name="Click_On_Given_Button_On_Import_Page" duration-ms="20662" depends-on-groups="Click_Import_Button_On_Help_Section" started-at="2021-02-27T09:12:09Z" finished-at="2021-02-27T09:12:30Z">
          <params>
            <param index="0">
              <value>
                <![CDATA[Cancel]]>
              </value>
            </param>
          </params>
          <reporter-output>
          </reporter-output>
        </test-method> <!-- Click_On_Given_Button_On_Import_Page -->
        <test-method status="PASS" signature="After_Method(org.testng.ITestResult, java.lang.reflect.Method)[pri:0, instance:com.common.ui.Import_People_Page@38f116f6]" name="After_Method" is-config="true" duration-ms="0" started-at="2021-02-27T09:12:30Z" finished-at="2021-02-27T09:12:30Z">
          <params>
            <param index="0">
              <value>
                <![CDATA[[TestResult name=Click_On_Given_Button_On_Import_Page status=SUCCESS method=Import_People_Page.Click_On_Given_Button_On_Import_Page(java.lang.String)[pri:0, instance:com.common.ui.Import_People_Page@38f116f6] output={null}]]]>
              </value>
            </param>
            <param index="1">
              <value>
                <![CDATA[public static void com.common.ui.Import_People_Page.Click_On_Given_Button_On_Import_Page(java.lang.String) throws java.lang.InterruptedException]]>
              </value>
            </param>
          </params>
          <reporter-output>
          </reporter-output>
        </test-method> <!-- After_Method -->
      </class> <!-- com.common.ui.Import_People_Page -->
      <class name="com.common.ui.Help_Page">
        <test-method status="PASS" signature="Before_Method(java.lang.reflect.Method)[pri:0, instance:com.common.ui.Help_Page@424fd310]" name="Before_Method" is-config="true" duration-ms="2" started-at="2021-02-27T09:11:49Z" finished-at="2021-02-27T09:11:49Z">
          <params>
            <param index="0">
              <value>
                <![CDATA[public static void com.common.ui.Help_Page.Click_Import_Button_On_Help_Section()]]>
              </value>
            </param>
          </params>
          <reporter-output>
          </reporter-output>
        </test-method> <!-- Before_Method -->
        <test-method status="PASS" signature="Click_Import_Button_On_Help_Section()[pri:0, instance:com.common.ui.Help_Page@424fd310]" name="Click_Import_Button_On_Help_Section" duration-ms="20349" depends-on-groups="Open_Help_Section" started-at="2021-02-27T09:11:49Z" finished-at="2021-02-27T09:12:09Z">
          <reporter-output>
          </reporter-output>
        </test-method> <!-- Click_Import_Button_On_Help_Section -->
        <test-method status="PASS" signature="After_Method(org.testng.ITestResult, java.lang.reflect.Method)[pri:0, instance:com.common.ui.Help_Page@424fd310]" name="After_Method" is-config="true" duration-ms="1" started-at="2021-02-27T09:12:09Z" finished-at="2021-02-27T09:12:09Z">
          <params>
            <param index="0">
              <value>
                <![CDATA[[TestResult name=Click_Import_Button_On_Help_Section status=SUCCESS method=Help_Page.Click_Import_Button_On_Help_Section()[pri:0, instance:com.common.ui.Help_Page@424fd310] output={null}]]]>
              </value>
            </param>
            <param index="1">
              <value>
                <![CDATA[public static void com.common.ui.Help_Page.Click_Import_Button_On_Help_Section()]]>
              </value>
            </param>
          </params>
          <reporter-output>
          </reporter-output>
        </test-method> <!-- After_Method -->
      </class> <!-- com.common.ui.Help_Page -->
    </test> <!-- VERIFY_IMPORT_BUTTON_FUNCTIONALITY_ON_HELP_SECTION -->
    <test name="VERIFY_CREATE_BUTTON_FUNCTIONALITY_ON_HELP_SECTION" duration-ms="121703" started-at="2021-02-27T09:12:30Z" finished-at="2021-02-27T09:14:31Z">
      <class name="com.common.ui.New_Record_Form">
        <test-method status="PASS" signature="Before_Method(java.lang.reflect.Method)[pri:0, instance:com.common.ui.New_Record_Form@70efb718]" name="Before_Method" is-config="true" duration-ms="1" started-at="2021-02-27T09:12:50Z" finished-at="2021-02-27T09:12:50Z">
          <params>
            <param index="0">
              <value>
                <![CDATA[public static void com.common.ui.New_Record_Form.Click_On_Given_Button_On_New_Record_Pannel(java.lang.String) throws java.lang.InterruptedException]]>
              </value>
            </param>
          </params>
          <reporter-output>
          </reporter-output>
        </test-method> <!-- Before_Method -->
        <test-method status="PASS" signature="Click_On_Given_Button_On_New_Record_Pannel(java.lang.String)[pri:0, instance:com.common.ui.New_Record_Form@70efb718]" name="Click_On_Given_Button_On_New_Record_Pannel" duration-ms="81336" depends-on-groups="Click_Create_Button_On_Help_Section" started-at="2021-02-27T09:12:50Z" finished-at="2021-02-27T09:14:11Z">
          <params>
            <param index="0">
              <value>
                <![CDATA[Cancel]]>
              </value>
            </param>
          </params>
          <reporter-output>
          </reporter-output>
        </test-method> <!-- Click_On_Given_Button_On_New_Record_Pannel -->
        <test-method status="PASS" signature="After_Method(org.testng.ITestResult, java.lang.reflect.Method)[pri:0, instance:com.common.ui.New_Record_Form@70efb718]" name="After_Method" is-config="true" duration-ms="1" started-at="2021-02-27T09:14:11Z" finished-at="2021-02-27T09:14:11Z">
          <params>
            <param index="0">
              <value>
                <![CDATA[[TestResult name=Click_On_Given_Button_On_New_Record_Pannel status=SUCCESS method=New_Record_Form.Click_On_Given_Button_On_New_Record_Pannel(java.lang.String)[pri:0, instance:com.common.ui.New_Record_Form@70efb718] output={null}]]]>
              </value>
            </param>
            <param index="1">
              <value>
                <![CDATA[public static void com.common.ui.New_Record_Form.Click_On_Given_Button_On_New_Record_Pannel(java.lang.String) throws java.lang.InterruptedException]]>
              </value>
            </param>
          </params>
          <reporter-output>
          </reporter-output>
        </test-method> <!-- After_Method -->
      </class> <!-- com.common.ui.New_Record_Form -->
      <class name="com.common.ui.People_Page">
        <test-method status="PASS" signature="Before_Method(java.lang.reflect.Method)[pri:0, instance:com.common.ui.People_Page@b70da4c]" name="Before_Method" is-config="true" duration-ms="1" started-at="2021-02-27T09:12:30Z" finished-at="2021-02-27T09:12:30Z">
          <params>
            <param index="0">
              <value>
                <![CDATA[public static void com.common.ui.People_Page.Open_Help_Section()]]>
              </value>
            </param>
          </params>
          <reporter-output>
          </reporter-output>
        </test-method> <!-- Before_Method -->
        <test-method status="PASS" signature="Open_Help_Section()[pri:0, instance:com.common.ui.People_Page@b70da4c]" name="Open_Help_Section" duration-ms="38" started-at="2021-02-27T09:12:30Z" finished-at="2021-02-27T09:12:30Z">
          <reporter-output>
          </reporter-output>
        </test-method> <!-- Open_Help_Section -->
        <test-method status="PASS" signature="After_Method(org.testng.ITestResult, java.lang.reflect.Method)[pri:0, instance:com.common.ui.People_Page@b70da4c]" name="After_Method" is-config="true" duration-ms="0" started-at="2021-02-27T09:12:30Z" finished-at="2021-02-27T09:12:30Z">
          <params>
            <param index="0">
              <value>
                <![CDATA[[TestResult name=Open_Help_Section status=SUCCESS method=People_Page.Open_Help_Section()[pri:0, instance:com.common.ui.People_Page@b70da4c] output={null}]]]>
              </value>
            </param>
            <param index="1">
              <value>
                <![CDATA[public static void com.common.ui.People_Page.Open_Help_Section()]]>
              </value>
            </param>
          </params>
          <reporter-output>
          </reporter-output>
        </test-method> <!-- After_Method -->
      </class> <!-- com.common.ui.People_Page -->
      <class name="com.common.ui.Help_Page">
        <test-method status="PASS" signature="Before_Test_1(org.testng.ITestContext, java.lang.String, java.lang.String)[pri:0, instance:com.common.ui.Help_Page@bf1ec20]" name="Before_Test_1" is-config="true" duration-ms="1" started-at="2021-02-27T09:12:30Z" finished-at="2021-02-27T09:12:30Z">
          <params>
            <param index="0">
              <value>
                <![CDATA[org.testng.TestRunner@1a6dc5ea]]>
              </value>
            </param>
            <param index="1">
              <value is-null="true"/>
            </param>
            <param index="2">
              <value is-null="true"/>
            </param>
          </params>
          <reporter-output>
          </reporter-output>
        </test-method> <!-- Before_Test_1 -->
        <test-method status="PASS" signature="Click_Create_Button_On_Help_Section()[pri:0, instance:com.common.ui.Help_Page@bf1ec20]" name="Click_Create_Button_On_Help_Section" duration-ms="20307" depends-on-groups="Open_Help_Section" started-at="2021-02-27T09:12:30Z" finished-at="2021-02-27T09:12:50Z">
          <reporter-output>
          </reporter-output>
        </test-method> <!-- Click_Create_Button_On_Help_Section -->
        <test-method status="PASS" signature="Before_Method(java.lang.reflect.Method)[pri:0, instance:com.common.ui.Help_Page@bf1ec20]" name="Before_Method" is-config="true" duration-ms="0" started-at="2021-02-27T09:12:30Z" finished-at="2021-02-27T09:12:30Z">
          <params>
            <param index="0">
              <value>
                <![CDATA[public static void com.common.ui.Help_Page.Click_Create_Button_On_Help_Section()]]>
              </value>
            </param>
          </params>
          <reporter-output>
          </reporter-output>
        </test-method> <!-- Before_Method -->
        <test-method status="PASS" signature="After_Method(org.testng.ITestResult, java.lang.reflect.Method)[pri:0, instance:com.common.ui.Help_Page@bf1ec20]" name="After_Method" is-config="true" duration-ms="0" started-at="2021-02-27T09:12:50Z" finished-at="2021-02-27T09:12:50Z">
          <params>
            <param index="0">
              <value>
                <![CDATA[[TestResult name=Click_Create_Button_On_Help_Section status=SUCCESS method=Help_Page.Click_Create_Button_On_Help_Section()[pri:0, instance:com.common.ui.Help_Page@bf1ec20] output={null}]]]>
              </value>
            </param>
            <param index="1">
              <value>
                <![CDATA[public static void com.common.ui.Help_Page.Click_Create_Button_On_Help_Section()]]>
              </value>
            </param>
          </params>
          <reporter-output>
          </reporter-output>
        </test-method> <!-- After_Method -->
        <test-method status="PASS" signature="Close_Help_Section()[pri:0, instance:com.common.ui.Help_Page@bf1ec20]" name="Close_Help_Section" duration-ms="20014" depends-on-groups="Click_On_Given_Button_On_New_Record_Pannel" started-at="2021-02-27T09:14:11Z" finished-at="2021-02-27T09:14:31Z">
          <reporter-output>
          </reporter-output>
        </test-method> <!-- Close_Help_Section -->
        <test-method status="PASS" signature="Before_Method(java.lang.reflect.Method)[pri:0, instance:com.common.ui.Help_Page@bf1ec20]" name="Before_Method" is-config="true" duration-ms="0" started-at="2021-02-27T09:14:11Z" finished-at="2021-02-27T09:14:11Z">
          <params>
            <param index="0">
              <value>
                <![CDATA[public static void com.common.ui.Help_Page.Close_Help_Section()]]>
              </value>
            </param>
          </params>
          <reporter-output>
          </reporter-output>
        </test-method> <!-- Before_Method -->
        <test-method status="PASS" signature="After_Method(org.testng.ITestResult, java.lang.reflect.Method)[pri:0, instance:com.common.ui.Help_Page@bf1ec20]" name="After_Method" is-config="true" duration-ms="0" started-at="2021-02-27T09:14:31Z" finished-at="2021-02-27T09:14:31Z">
          <params>
            <param index="0">
              <value>
                <![CDATA[[TestResult name=Close_Help_Section status=SUCCESS method=Help_Page.Close_Help_Section()[pri:0, instance:com.common.ui.Help_Page@bf1ec20] output={null}]]]>
              </value>
            </param>
            <param index="1">
              <value>
                <![CDATA[public static void com.common.ui.Help_Page.Close_Help_Section()]]>
              </value>
            </param>
          </params>
          <reporter-output>
          </reporter-output>
        </test-method> <!-- After_Method -->
        <test-method status="PASS" signature="After_Test(org.testng.ITestContext)[pri:0, instance:com.common.ui.Help_Page@bf1ec20]" name="After_Test" is-config="true" duration-ms="1" started-at="2021-02-27T09:14:31Z" finished-at="2021-02-27T09:14:31Z">
          <params>
            <param index="0">
              <value>
                <![CDATA[org.testng.TestRunner@1a6dc5ea]]>
              </value>
            </param>
          </params>
          <reporter-output>
          </reporter-output>
        </test-method> <!-- After_Test -->
      </class> <!-- com.common.ui.Help_Page -->
    </test> <!-- VERIFY_CREATE_BUTTON_FUNCTIONALITY_ON_HELP_SECTION -->
    <test name="VERIFY_SAVE_AND_CREATE_FUNCTIONALITY_ON_NEW_RECORD_FORM" duration-ms="105620" started-at="2021-02-27T09:14:31Z" finished-at="2021-02-27T09:16:17Z">
      <class name="com.common.ui.New_Record_Form">
        <test-method status="PASS" signature="Fill_New_Record_Form(java.lang.String, java.lang.String, java.lang.String, java.lang.String, java.lang.String)[pri:0, instance:com.common.ui.New_Record_Form@1c3146bc]" name="Fill_New_Record_Form" duration-ms="1351" depends-on-groups="Click_On_New_Button" started-at="2021-02-27T09:15:53Z" finished-at="2021-02-27T09:15:54Z">
          <params>
            <param index="0">
              <value>
                <![CDATA[Test User1 first name]]>
              </value>
            </param>
            <param index="1">
              <value>
                <![CDATA[Test User1 last name]]>
              </value>
            </param>
            <param index="2">
              <value>
                <![CDATA[testUser1@gmail.com]]>
              </value>
            </param>
            <param index="3">
              <value>
                <![CDATA[Test User1 job title]]>
              </value>
            </param>
            <param index="4">
              <value>
                <![CDATA[Test User1 company]]>
              </value>
            </param>
          </params>
          <reporter-output>
          </reporter-output>
        </test-method> <!-- Fill_New_Record_Form -->
        <test-method status="PASS" signature="Before_Method(java.lang.reflect.Method)[pri:0, instance:com.common.ui.New_Record_Form@1c3146bc]" name="Before_Method" is-config="true" duration-ms="0" started-at="2021-02-27T09:15:53Z" finished-at="2021-02-27T09:15:53Z">
          <params>
            <param index="0">
              <value>
                <![CDATA[public static void com.common.ui.New_Record_Form.Fill_New_Record_Form(java.lang.String,java.lang.String,java.lang.String,java.lang.String,java.lang.String)]]>
              </value>
            </param>
          </params>
          <reporter-output>
          </reporter-output>
        </test-method> <!-- Before_Method -->
        <test-method status="PASS" signature="Before_Method(java.lang.reflect.Method)[pri:0, instance:com.common.ui.New_Record_Form@1c3146bc]" name="Before_Method" is-config="true" duration-ms="1" started-at="2021-02-27T09:15:54Z" finished-at="2021-02-27T09:15:54Z">
          <params>
            <param index="0">
              <value>
                <![CDATA[public static void com.common.ui.New_Record_Form.Click_On_Given_Button_On_New_Record_Pannel(java.lang.String) throws java.lang.InterruptedException]]>
              </value>
            </param>
          </params>
          <reporter-output>
          </reporter-output>
        </test-method> <!-- Before_Method -->
        <test-method status="PASS" signature="After_Method(org.testng.ITestResult, java.lang.reflect.Method)[pri:0, instance:com.common.ui.New_Record_Form@1c3146bc]" name="After_Method" is-config="true" duration-ms="0" started-at="2021-02-27T09:15:54Z" finished-at="2021-02-27T09:15:54Z">
          <params>
            <param index="0">
              <value>
                <![CDATA[[TestResult name=Fill_New_Record_Form status=SUCCESS method=New_Record_Form.Fill_New_Record_Form(java.lang.String, java.lang.String, java.lang.String, java.lang.String, java.lang.String)[pri:0, instance:com.common.ui.New_Record_Form@1c3146bc] output={null}]]]>
              </value>
            </param>
            <param index="1">
              <value>
                <![CDATA[public static void com.common.ui.New_Record_Form.Fill_New_Record_Form(java.lang.String,java.lang.String,java.lang.String,java.lang.String,java.lang.String)]]>
              </value>
            </param>
          </params>
          <reporter-output>
          </reporter-output>
        </test-method> <!-- After_Method -->
        <test-method status="PASS" signature="Click_On_Given_Button_On_New_Record_Pannel(java.lang.String)[pri:0, instance:com.common.ui.New_Record_Form@1c3146bc]" name="Click_On_Given_Button_On_New_Record_Pannel" duration-ms="20391" depends-on-groups="Fill_New_Record_Form" started-at="2021-02-27T09:15:54Z" finished-at="2021-02-27T09:16:15Z">
          <params>
            <param index="0">
              <value>
                <![CDATA[Save and create another]]>
              </value>
            </param>
          </params>
          <reporter-output>
          </reporter-output>
        </test-method> <!-- Click_On_Given_Button_On_New_Record_Pannel -->
        <test-method status="PASS" signature="Click_On_Close_Icon_On_New_Record_Pannel()[pri:0, instance:com.common.ui.New_Record_Form@1c3146bc]" name="Click_On_Close_Icon_On_New_Record_Pannel" duration-ms="2368" depends-on-groups="Click_On_Given_Button_On_New_Record_Pannel" started-at="2021-02-27T09:16:15Z" finished-at="2021-02-27T09:16:17Z">
          <reporter-output>
          </reporter-output>
        </test-method> <!-- Click_On_Close_Icon_On_New_Record_Pannel -->
        <test-method status="PASS" signature="Before_Method(java.lang.reflect.Method)[pri:0, instance:com.common.ui.New_Record_Form@1c3146bc]" name="Before_Method" is-config="true" duration-ms="0" started-at="2021-02-27T09:16:15Z" finished-at="2021-02-27T09:16:15Z">
          <params>
            <param index="0">
              <value>
                <![CDATA[public static void com.common.ui.New_Record_Form.Click_On_Close_Icon_On_New_Record_Pannel() throws java.lang.InterruptedException]]>
              </value>
            </param>
          </params>
          <reporter-output>
          </reporter-output>
        </test-method> <!-- Before_Method -->
        <test-method status="PASS" signature="After_Method(org.testng.ITestResult, java.lang.reflect.Method)[pri:0, instance:com.common.ui.New_Record_Form@1c3146bc]" name="After_Method" is-config="true" duration-ms="0" started-at="2021-02-27T09:16:15Z" finished-at="2021-02-27T09:16:15Z">
          <params>
            <param index="0">
              <value>
                <![CDATA[[TestResult name=Click_On_Given_Button_On_New_Record_Pannel status=SUCCESS method=New_Record_Form.Click_On_Given_Button_On_New_Record_Pannel(java.lang.String)[pri:0, instance:com.common.ui.New_Record_Form@1c3146bc] output={null}]]]>
              </value>
            </param>
            <param index="1">
              <value>
                <![CDATA[public static void com.common.ui.New_Record_Form.Click_On_Given_Button_On_New_Record_Pannel(java.lang.String) throws java.lang.InterruptedException]]>
              </value>
            </param>
          </params>
          <reporter-output>
          </reporter-output>
        </test-method> <!-- After_Method -->
        <test-method status="PASS" signature="After_Method(org.testng.ITestResult, java.lang.reflect.Method)[pri:0, instance:com.common.ui.New_Record_Form@1c3146bc]" name="After_Method" is-config="true" duration-ms="0" started-at="2021-02-27T09:16:17Z" finished-at="2021-02-27T09:16:17Z">
          <params>
            <param index="0">
              <value>
                <![CDATA[[TestResult name=Click_On_Close_Icon_On_New_Record_Pannel status=SUCCESS method=New_Record_Form.Click_On_Close_Icon_On_New_Record_Pannel()[pri:0, instance:com.common.ui.New_Record_Form@1c3146bc] output={null}]]]>
              </value>
            </param>
            <param index="1">
              <value>
                <![CDATA[public static void com.common.ui.New_Record_Form.Click_On_Close_Icon_On_New_Record_Pannel() throws java.lang.InterruptedException]]>
              </value>
            </param>
          </params>
          <reporter-output>
          </reporter-output>
        </test-method> <!-- After_Method -->
      </class> <!-- com.common.ui.New_Record_Form -->
      <class name="com.common.ui.People_Page">
        <test-method status="PASS" signature="Before_Test_1(org.testng.ITestContext, java.lang.String, java.lang.String)[pri:0, instance:com.common.ui.People_Page@5733f295]" name="Before_Test_1" is-config="true" duration-ms="1" started-at="2021-02-27T09:14:31Z" finished-at="2021-02-27T09:14:31Z">
          <params>
            <param index="0">
              <value>
                <![CDATA[org.testng.TestRunner@31d4b3e8]]>
              </value>
            </param>
            <param index="1">
              <value is-null="true"/>
            </param>
            <param index="2">
              <value is-null="true"/>
            </param>
          </params>
          <reporter-output>
          </reporter-output>
        </test-method> <!-- Before_Test_1 -->
        <test-method status="PASS" signature="Before_Method(java.lang.reflect.Method)[pri:0, instance:com.common.ui.People_Page@5733f295]" name="Before_Method" is-config="true" duration-ms="0" started-at="2021-02-27T09:14:31Z" finished-at="2021-02-27T09:14:31Z">
          <params>
            <param index="0">
              <value>
                <![CDATA[public static void com.common.ui.People_Page.Click_On_New_Button()]]>
              </value>
            </param>
          </params>
          <reporter-output>
          </reporter-output>
        </test-method> <!-- Before_Method -->
        <test-method status="PASS" signature="Click_On_New_Button()[pri:0, instance:com.common.ui.People_Page@5733f295]" name="Click_On_New_Button" duration-ms="81500" started-at="2021-02-27T09:14:31Z" finished-at="2021-02-27T09:15:53Z">
          <reporter-output>
          </reporter-output>
        </test-method> <!-- Click_On_New_Button -->
        <test-method status="PASS" signature="After_Method(org.testng.ITestResult, java.lang.reflect.Method)[pri:0, instance:com.common.ui.People_Page@5733f295]" name="After_Method" is-config="true" duration-ms="0" started-at="2021-02-27T09:15:53Z" finished-at="2021-02-27T09:15:53Z">
          <params>
            <param index="0">
              <value>
                <![CDATA[[TestResult name=Click_On_New_Button status=SUCCESS method=People_Page.Click_On_New_Button()[pri:0, instance:com.common.ui.People_Page@5733f295] output={null}]]]>
              </value>
            </param>
            <param index="1">
              <value>
                <![CDATA[public static void com.common.ui.People_Page.Click_On_New_Button()]]>
              </value>
            </param>
          </params>
          <reporter-output>
          </reporter-output>
        </test-method> <!-- After_Method -->
        <test-method status="PASS" signature="Before_Method(java.lang.reflect.Method)[pri:0, instance:com.common.ui.People_Page@5733f295]" name="Before_Method" is-config="true" duration-ms="1" started-at="2021-02-27T09:16:17Z" finished-at="2021-02-27T09:16:17Z">
          <params>
            <param index="0">
              <value>
                <![CDATA[public static void com.common.ui.People_Page.Verify_Record_Added_Or_Not(int)]]>
              </value>
            </param>
          </params>
          <reporter-output>
          </reporter-output>
        </test-method> <!-- Before_Method -->
        <test-method status="PASS" signature="Verify_Record_Added_Or_Not(int)[pri:0, instance:com.common.ui.People_Page@5733f295]" name="Verify_Record_Added_Or_Not" duration-ms="1" depends-on-groups="Click_On_Close_Icon_On_New_Record_Pannel" started-at="2021-02-27T09:16:17Z" finished-at="2021-02-27T09:16:17Z">
          <params>
            <param index="0">
              <value>
                <![CDATA[1]]>
              </value>
            </param>
          </params>
          <reporter-output>
          </reporter-output>
        </test-method> <!-- Verify_Record_Added_Or_Not -->
        <test-method status="PASS" signature="After_Method(org.testng.ITestResult, java.lang.reflect.Method)[pri:0, instance:com.common.ui.People_Page@5733f295]" name="After_Method" is-config="true" duration-ms="0" started-at="2021-02-27T09:16:17Z" finished-at="2021-02-27T09:16:17Z">
          <params>
            <param index="0">
              <value>
                <![CDATA[[TestResult name=Verify_Record_Added_Or_Not status=SUCCESS method=People_Page.Verify_Record_Added_Or_Not(int)[pri:0, instance:com.common.ui.People_Page@5733f295] output={null}]]]>
              </value>
            </param>
            <param index="1">
              <value>
                <![CDATA[public static void com.common.ui.People_Page.Verify_Record_Added_Or_Not(int)]]>
              </value>
            </param>
          </params>
          <reporter-output>
          </reporter-output>
        </test-method> <!-- After_Method -->
        <test-method status="PASS" signature="After_Test(org.testng.ITestContext)[pri:0, instance:com.common.ui.People_Page@5733f295]" name="After_Test" is-config="true" duration-ms="1" started-at="2021-02-27T09:16:17Z" finished-at="2021-02-27T09:16:17Z">
          <params>
            <param index="0">
              <value>
                <![CDATA[org.testng.TestRunner@31d4b3e8]]>
              </value>
            </param>
          </params>
          <reporter-output>
          </reporter-output>
        </test-method> <!-- After_Test -->
      </class> <!-- com.common.ui.People_Page -->
    </test> <!-- VERIFY_SAVE_AND_CREATE_FUNCTIONALITY_ON_NEW_RECORD_FORM -->
    <test name="VERIFY_SAVE_FUNCTIONALITY" duration-ms="41828" started-at="2021-02-27T09:16:17Z" finished-at="2021-02-27T09:16:59Z">
      <class name="com.common.ui.New_Record_Form">
        <test-method status="PASS" signature="Before_Method(java.lang.reflect.Method)[pri:0, instance:com.common.ui.New_Record_Form@7ce97ee5]" name="Before_Method" is-config="true" duration-ms="1" started-at="2021-02-27T09:16:37Z" finished-at="2021-02-27T09:16:37Z">
          <params>
            <param index="0">
              <value>
                <![CDATA[public static void com.common.ui.New_Record_Form.Fill_New_Record_Form(java.lang.String,java.lang.String,java.lang.String,java.lang.String,java.lang.String)]]>
              </value>
            </param>
          </params>
          <reporter-output>
          </reporter-output>
        </test-method> <!-- Before_Method -->
        <test-method status="PASS" signature="Fill_New_Record_Form(java.lang.String, java.lang.String, java.lang.String, java.lang.String, java.lang.String)[pri:0, instance:com.common.ui.New_Record_Form@7ce97ee5]" name="Fill_New_Record_Form" duration-ms="1236" depends-on-groups="Click_On_New_Button" started-at="2021-02-27T09:16:37Z" finished-at="2021-02-27T09:16:39Z">
          <params>
            <param index="0">
              <value>
                <![CDATA[Test User2 first name]]>
              </value>
            </param>
            <param index="1">
              <value>
                <![CDATA[Test User2 last name]]>
              </value>
            </param>
            <param index="2">
              <value>
                <![CDATA[testUser2@gmail.com]]>
              </value>
            </param>
            <param index="3">
              <value>
                <![CDATA[Test User2 job title]]>
              </value>
            </param>
            <param index="4">
              <value>
                <![CDATA[Test User2 company]]>
              </value>
            </param>
          </params>
          <reporter-output>
          </reporter-output>
        </test-method> <!-- Fill_New_Record_Form -->
        <test-method status="PASS" signature="Before_Method(java.lang.reflect.Method)[pri:0, instance:com.common.ui.New_Record_Form@7ce97ee5]" name="Before_Method" is-config="true" duration-ms="0" started-at="2021-02-27T09:16:39Z" finished-at="2021-02-27T09:16:39Z">
          <params>
            <param index="0">
              <value>
                <![CDATA[public static void com.common.ui.New_Record_Form.Click_On_Given_Button_On_New_Record_Pannel(java.lang.String) throws java.lang.InterruptedException]]>
              </value>
            </param>
          </params>
          <reporter-output>
          </reporter-output>
        </test-method> <!-- Before_Method -->
        <test-method status="PASS" signature="After_Method(org.testng.ITestResult, java.lang.reflect.Method)[pri:0, instance:com.common.ui.New_Record_Form@7ce97ee5]" name="After_Method" is-config="true" duration-ms="0" started-at="2021-02-27T09:16:39Z" finished-at="2021-02-27T09:16:39Z">
          <params>
            <param index="0">
              <value>
                <![CDATA[[TestResult name=Fill_New_Record_Form status=SUCCESS method=New_Record_Form.Fill_New_Record_Form(java.lang.String, java.lang.String, java.lang.String, java.lang.String, java.lang.String)[pri:0, instance:com.common.ui.New_Record_Form@7ce97ee5] output={null}]]]>
              </value>
            </param>
            <param index="1">
              <value>
                <![CDATA[public static void com.common.ui.New_Record_Form.Fill_New_Record_Form(java.lang.String,java.lang.String,java.lang.String,java.lang.String,java.lang.String)]]>
              </value>
            </param>
          </params>
          <reporter-output>
          </reporter-output>
        </test-method> <!-- After_Method -->
        <test-method status="PASS" signature="Click_On_Given_Button_On_New_Record_Pannel(java.lang.String)[pri:0, instance:com.common.ui.New_Record_Form@7ce97ee5]" name="Click_On_Given_Button_On_New_Record_Pannel" duration-ms="20310" depends-on-groups="Fill_New_Record_Form" started-at="2021-02-27T09:16:39Z" finished-at="2021-02-27T09:16:59Z">
          <params>
            <param index="0">
              <value>
                <![CDATA[Save]]>
              </value>
            </param>
          </params>
          <reporter-output>
          </reporter-output>
        </test-method> <!-- Click_On_Given_Button_On_New_Record_Pannel -->
        <test-method status="PASS" signature="After_Method(org.testng.ITestResult, java.lang.reflect.Method)[pri:0, instance:com.common.ui.New_Record_Form@7ce97ee5]" name="After_Method" is-config="true" duration-ms="0" started-at="2021-02-27T09:16:59Z" finished-at="2021-02-27T09:16:59Z">
          <params>
            <param index="0">
              <value>
                <![CDATA[[TestResult name=Click_On_Given_Button_On_New_Record_Pannel status=SUCCESS method=New_Record_Form.Click_On_Given_Button_On_New_Record_Pannel(java.lang.String)[pri:0, instance:com.common.ui.New_Record_Form@7ce97ee5] output={null}]]]>
              </value>
            </param>
            <param index="1">
              <value>
                <![CDATA[public static void com.common.ui.New_Record_Form.Click_On_Given_Button_On_New_Record_Pannel(java.lang.String) throws java.lang.InterruptedException]]>
              </value>
            </param>
          </params>
          <reporter-output>
          </reporter-output>
        </test-method> <!-- After_Method -->
      </class> <!-- com.common.ui.New_Record_Form -->
      <class name="com.common.ui.People_Page">
        <test-method status="PASS" signature="Before_Test_1(org.testng.ITestContext, java.lang.String, java.lang.String)[pri:0, instance:com.common.ui.People_Page@4c4748bf]" name="Before_Test_1" is-config="true" duration-ms="0" started-at="2021-02-27T09:16:17Z" finished-at="2021-02-27T09:16:17Z">
          <params>
            <param index="0">
              <value>
                <![CDATA[org.testng.TestRunner@278de2b2]]>
              </value>
            </param>
            <param index="1">
              <value is-null="true"/>
            </param>
            <param index="2">
              <value is-null="true"/>
            </param>
          </params>
          <reporter-output>
          </reporter-output>
        </test-method> <!-- Before_Test_1 -->
        <test-method status="PASS" signature="Before_Method(java.lang.reflect.Method)[pri:0, instance:com.common.ui.People_Page@4c4748bf]" name="Before_Method" is-config="true" duration-ms="0" started-at="2021-02-27T09:16:17Z" finished-at="2021-02-27T09:16:17Z">
          <params>
            <param index="0">
              <value>
                <![CDATA[public static void com.common.ui.People_Page.Click_On_New_Button()]]>
              </value>
            </param>
          </params>
          <reporter-output>
          </reporter-output>
        </test-method> <!-- Before_Method -->
        <test-method status="PASS" signature="Click_On_New_Button()[pri:0, instance:com.common.ui.People_Page@4c4748bf]" name="Click_On_New_Button" duration-ms="20276" started-at="2021-02-27T09:16:17Z" finished-at="2021-02-27T09:16:37Z">
          <reporter-output>
          </reporter-output>
        </test-method> <!-- Click_On_New_Button -->
        <test-method status="PASS" signature="After_Method(org.testng.ITestResult, java.lang.reflect.Method)[pri:0, instance:com.common.ui.People_Page@4c4748bf]" name="After_Method" is-config="true" duration-ms="1" started-at="2021-02-27T09:16:37Z" finished-at="2021-02-27T09:16:37Z">
          <params>
            <param index="0">
              <value>
                <![CDATA[[TestResult name=Click_On_New_Button status=SUCCESS method=People_Page.Click_On_New_Button()[pri:0, instance:com.common.ui.People_Page@4c4748bf] output={null}]]]>
              </value>
            </param>
            <param index="1">
              <value>
                <![CDATA[public static void com.common.ui.People_Page.Click_On_New_Button()]]>
              </value>
            </param>
          </params>
          <reporter-output>
          </reporter-output>
        </test-method> <!-- After_Method -->
        <test-method status="PASS" signature="Before_Method(java.lang.reflect.Method)[pri:0, instance:com.common.ui.People_Page@4c4748bf]" name="Before_Method" is-config="true" duration-ms="1" started-at="2021-02-27T09:16:59Z" finished-at="2021-02-27T09:16:59Z">
          <params>
            <param index="0">
              <value>
                <![CDATA[public static void com.common.ui.People_Page.Verify_Record_Added_Or_Not(int)]]>
              </value>
            </param>
          </params>
          <reporter-output>
          </reporter-output>
        </test-method> <!-- Before_Method -->
        <test-method status="PASS" signature="Verify_Record_Added_Or_Not(int)[pri:0, instance:com.common.ui.People_Page@4c4748bf]" name="Verify_Record_Added_Or_Not" duration-ms="0" depends-on-groups="Click_On_Given_Button_On_New_Record_Pannel" started-at="2021-02-27T09:16:59Z" finished-at="2021-02-27T09:16:59Z">
          <params>
            <param index="0">
              <value>
                <![CDATA[1]]>
              </value>
            </param>
          </params>
          <reporter-output>
          </reporter-output>
        </test-method> <!-- Verify_Record_Added_Or_Not -->
        <test-method status="PASS" signature="After_Test(org.testng.ITestContext)[pri:0, instance:com.common.ui.People_Page@4c4748bf]" name="After_Test" is-config="true" duration-ms="0" started-at="2021-02-27T09:16:59Z" finished-at="2021-02-27T09:16:59Z">
          <params>
            <param index="0">
              <value>
                <![CDATA[org.testng.TestRunner@278de2b2]]>
              </value>
            </param>
          </params>
          <reporter-output>
          </reporter-output>
        </test-method> <!-- After_Test -->
        <test-method status="PASS" signature="After_Method(org.testng.ITestResult, java.lang.reflect.Method)[pri:0, instance:com.common.ui.People_Page@4c4748bf]" name="After_Method" is-config="true" duration-ms="0" started-at="2021-02-27T09:16:59Z" finished-at="2021-02-27T09:16:59Z">
          <params>
            <param index="0">
              <value>
                <![CDATA[[TestResult name=Verify_Record_Added_Or_Not status=SUCCESS method=People_Page.Verify_Record_Added_Or_Not(int)[pri:0, instance:com.common.ui.People_Page@4c4748bf] output={null}]]]>
              </value>
            </param>
            <param index="1">
              <value>
                <![CDATA[public static void com.common.ui.People_Page.Verify_Record_Added_Or_Not(int)]]>
              </value>
            </param>
          </params>
          <reporter-output>
          </reporter-output>
        </test-method> <!-- After_Method -->
      </class> <!-- com.common.ui.People_Page -->
    </test> <!-- VERIFY_SAVE_FUNCTIONALITY -->
    <test name="VERIFY_SAVE_BUTTON_AND_SAVE_AND_CREATE_ANOTHER_BUTTON_DISABLE" duration-ms="23154" started-at="2021-02-27T09:16:59Z" finished-at="2021-02-27T09:17:22Z">
      <class name="com.common.ui.New_Record_Form">
        <test-method status="PASS" signature="Before_Method(java.lang.reflect.Method)[pri:0, instance:com.common.ui.New_Record_Form@2eced48b]" name="Before_Method" is-config="true" duration-ms="1" started-at="2021-02-27T09:17:19Z" finished-at="2021-02-27T09:17:19Z">
          <params>
            <param index="0">
              <value>
                <![CDATA[public static void com.common.ui.New_Record_Form.Fill_New_Record_Form(java.lang.String,java.lang.String,java.lang.String,java.lang.String,java.lang.String)]]>
              </value>
            </param>
          </params>
          <reporter-output>
          </reporter-output>
        </test-method> <!-- Before_Method -->
        <test-method status="PASS" signature="Fill_New_Record_Form(java.lang.String, java.lang.String, java.lang.String, java.lang.String, java.lang.String)[pri:0, instance:com.common.ui.New_Record_Form@2eced48b]" name="Fill_New_Record_Form" duration-ms="525" depends-on-groups="Click_On_New_Button" started-at="2021-02-27T09:17:19Z" finished-at="2021-02-27T09:17:20Z">
          <params>
            <param index="0">
              <value>
                <![CDATA[Test User2 first name]]>
              </value>
            </param>
            <param index="1">
              <value>
                <![CDATA[Test User2 last name]]>
              </value>
            </param>
            <param index="2">
              <value is-null="true"/>
            </param>
            <param index="3">
              <value is-null="true"/>
            </param>
            <param index="4">
              <value is-null="true"/>
            </param>
          </params>
          <reporter-output>
          </reporter-output>
        </test-method> <!-- Fill_New_Record_Form -->
        <test-method status="PASS" signature="Before_Method(java.lang.reflect.Method)[pri:0, instance:com.common.ui.New_Record_Form@2eced48b]" name="Before_Method" is-config="true" duration-ms="0" started-at="2021-02-27T09:17:20Z" finished-at="2021-02-27T09:17:20Z">
          <params>
            <param index="0">
              <value>
                <![CDATA[public static void com.common.ui.New_Record_Form.Verify_Button_Visiblity(java.lang.String,boolean)]]>
              </value>
            </param>
          </params>
          <reporter-output>
          </reporter-output>
        </test-method> <!-- Before_Method -->
        <test-method status="PASS" signature="Verify_Button_Visiblity(java.lang.String, boolean)[pri:0, instance:com.common.ui.New_Record_Form@2eced48b]" name="Verify_Button_Visiblity" duration-ms="35" depends-on-groups="Fill_New_Record_Form" started-at="2021-02-27T09:17:20Z" finished-at="2021-02-27T09:17:20Z">
          <params>
            <param index="0">
              <value>
                <![CDATA[Save,Save and create another]]>
              </value>
            </param>
            <param index="1">
              <value>
                <![CDATA[false]]>
              </value>
            </param>
          </params>
          <reporter-output>
          </reporter-output>
        </test-method> <!-- Verify_Button_Visiblity -->
        <test-method status="PASS" signature="After_Method(org.testng.ITestResult, java.lang.reflect.Method)[pri:0, instance:com.common.ui.New_Record_Form@2eced48b]" name="After_Method" is-config="true" duration-ms="0" started-at="2021-02-27T09:17:20Z" finished-at="2021-02-27T09:17:20Z">
          <params>
            <param index="0">
              <value>
                <![CDATA[[TestResult name=Fill_New_Record_Form status=SUCCESS method=New_Record_Form.Fill_New_Record_Form(java.lang.String, java.lang.String, java.lang.String, java.lang.String, java.lang.String)[pri:0, instance:com.common.ui.New_Record_Form@2eced48b] output={null}]]]>
              </value>
            </param>
            <param index="1">
              <value>
                <![CDATA[public static void com.common.ui.New_Record_Form.Fill_New_Record_Form(java.lang.String,java.lang.String,java.lang.String,java.lang.String,java.lang.String)]]>
              </value>
            </param>
          </params>
          <reporter-output>
          </reporter-output>
        </test-method> <!-- After_Method -->
        <test-method status="PASS" signature="After_Method(org.testng.ITestResult, java.lang.reflect.Method)[pri:0, instance:com.common.ui.New_Record_Form@2eced48b]" name="After_Method" is-config="true" duration-ms="0" started-at="2021-02-27T09:17:20Z" finished-at="2021-02-27T09:17:20Z">
          <params>
            <param index="0">
              <value>
                <![CDATA[[TestResult name=Verify_Button_Visiblity status=SUCCESS method=New_Record_Form.Verify_Button_Visiblity(java.lang.String, boolean)[pri:0, instance:com.common.ui.New_Record_Form@2eced48b] output={null}]]]>
              </value>
            </param>
            <param index="1">
              <value>
                <![CDATA[public static void com.common.ui.New_Record_Form.Verify_Button_Visiblity(java.lang.String,boolean)]]>
              </value>
            </param>
          </params>
          <reporter-output>
          </reporter-output>
        </test-method> <!-- After_Method -->
        <test-method status="PASS" signature="Click_On_Close_Icon_On_New_Record_Pannel()[pri:0, instance:com.common.ui.New_Record_Form@2eced48b]" name="Click_On_Close_Icon_On_New_Record_Pannel" duration-ms="2298" depends-on-groups="Verify_Button_Visiblity" started-at="2021-02-27T09:17:20Z" finished-at="2021-02-27T09:17:22Z">
          <reporter-output>
          </reporter-output>
        </test-method> <!-- Click_On_Close_Icon_On_New_Record_Pannel -->
        <test-method status="PASS" signature="Before_Method(java.lang.reflect.Method)[pri:0, instance:com.common.ui.New_Record_Form@2eced48b]" name="Before_Method" is-config="true" duration-ms="0" started-at="2021-02-27T09:17:20Z" finished-at="2021-02-27T09:17:20Z">
          <params>
            <param index="0">
              <value>
                <![CDATA[public static void com.common.ui.New_Record_Form.Click_On_Close_Icon_On_New_Record_Pannel() throws java.lang.InterruptedException]]>
              </value>
            </param>
          </params>
          <reporter-output>
          </reporter-output>
        </test-method> <!-- Before_Method -->
        <test-method status="PASS" signature="After_Method(org.testng.ITestResult, java.lang.reflect.Method)[pri:0, instance:com.common.ui.New_Record_Form@2eced48b]" name="After_Method" is-config="true" duration-ms="0" started-at="2021-02-27T09:17:22Z" finished-at="2021-02-27T09:17:22Z">
          <params>
            <param index="0">
              <value>
                <![CDATA[[TestResult name=Click_On_Close_Icon_On_New_Record_Pannel status=SUCCESS method=New_Record_Form.Click_On_Close_Icon_On_New_Record_Pannel()[pri:0, instance:com.common.ui.New_Record_Form@2eced48b] output={null}]]]>
              </value>
            </param>
            <param index="1">
              <value>
                <![CDATA[public static void com.common.ui.New_Record_Form.Click_On_Close_Icon_On_New_Record_Pannel() throws java.lang.InterruptedException]]>
              </value>
            </param>
          </params>
          <reporter-output>
          </reporter-output>
        </test-method> <!-- After_Method -->
      </class> <!-- com.common.ui.New_Record_Form -->
      <class name="com.common.ui.People_Page">
        <test-method status="PASS" signature="Before_Test_1(org.testng.ITestContext, java.lang.String, java.lang.String)[pri:0, instance:com.common.ui.People_Page@14d14731]" name="Before_Test_1" is-config="true" duration-ms="2" started-at="2021-02-27T09:16:59Z" finished-at="2021-02-27T09:16:59Z">
          <params>
            <param index="0">
              <value>
                <![CDATA[org.testng.TestRunner@1fc1c7e]]>
              </value>
            </param>
            <param index="1">
              <value is-null="true"/>
            </param>
            <param index="2">
              <value is-null="true"/>
            </param>
          </params>
          <reporter-output>
          </reporter-output>
        </test-method> <!-- Before_Test_1 -->
        <test-method status="PASS" signature="Before_Method(java.lang.reflect.Method)[pri:0, instance:com.common.ui.People_Page@14d14731]" name="Before_Method" is-config="true" duration-ms="1" started-at="2021-02-27T09:16:59Z" finished-at="2021-02-27T09:16:59Z">
          <params>
            <param index="0">
              <value>
                <![CDATA[public static void com.common.ui.People_Page.Click_On_New_Button()]]>
              </value>
            </param>
          </params>
          <reporter-output>
          </reporter-output>
        </test-method> <!-- Before_Method -->
        <test-method status="PASS" signature="Click_On_New_Button()[pri:0, instance:com.common.ui.People_Page@14d14731]" name="Click_On_New_Button" duration-ms="20288" started-at="2021-02-27T09:16:59Z" finished-at="2021-02-27T09:17:19Z">
          <reporter-output>
          </reporter-output>
        </test-method> <!-- Click_On_New_Button -->
        <test-method status="PASS" signature="After_Method(org.testng.ITestResult, java.lang.reflect.Method)[pri:0, instance:com.common.ui.People_Page@14d14731]" name="After_Method" is-config="true" duration-ms="0" started-at="2021-02-27T09:17:19Z" finished-at="2021-02-27T09:17:19Z">
          <params>
            <param index="0">
              <value>
                <![CDATA[[TestResult name=Click_On_New_Button status=SUCCESS method=People_Page.Click_On_New_Button()[pri:0, instance:com.common.ui.People_Page@14d14731] output={null}]]]>
              </value>
            </param>
            <param index="1">
              <value>
                <![CDATA[public static void com.common.ui.People_Page.Click_On_New_Button()]]>
              </value>
            </param>
          </params>
          <reporter-output>
          </reporter-output>
        </test-method> <!-- After_Method -->
        <test-method status="PASS" signature="After_Test(org.testng.ITestContext)[pri:0, instance:com.common.ui.People_Page@14d14731]" name="After_Test" is-config="true" duration-ms="0" started-at="2021-02-27T09:17:22Z" finished-at="2021-02-27T09:17:22Z">
          <params>
            <param index="0">
              <value>
                <![CDATA[org.testng.TestRunner@1fc1c7e]]>
              </value>
            </param>
          </params>
          <reporter-output>
          </reporter-output>
        </test-method> <!-- After_Test -->
      </class> <!-- com.common.ui.People_Page -->
[...]
          <reporter-output>
          </reporter-output>
        </test-method> <!-- Click_Filters_From_Table_Header -->
        <test-method status="PASS" signature="After_Method(org.testng.ITestResult, java.lang.reflect.Method)[pri:0, instance:com.common.ui.People_Page@3eeb318f]" name="After_Method" is-config="true" duration-ms="0" started-at="2021-02-27T09:29:32Z" finished-at="2021-02-27T09:29:32Z">
          <params>
            <param index="0">
              <value>
                <![CDATA[[TestResult name=Click_Filters_From_Table_Header status=SUCCESS method=People_Page.Click_Filters_From_Table_Header(java.lang.String)[pri:0, instance:com.common.ui.People_Page@3eeb318f] output={null}]]]>
              </value>
            </param>
            <param index="1">
              <value>
                <![CDATA[public static void com.common.ui.People_Page.Click_Filters_From_Table_Header(java.lang.String)]]>
              </value>
            </param>
          </params>
          <reporter-output>
          </reporter-output>
        </test-method> <!-- After_Method -->
        <test-method status="PASS" signature="After_Test(org.testng.ITestContext)[pri:0, instance:com.common.ui.People_Page@3eeb318f]" name="After_Test" is-config="true" duration-ms="0" started-at="2021-02-27T09:29:32Z" finished-at="2021-02-27T09:29:32Z">
          <params>
            <param index="0">
              <value>
                <![CDATA[org.testng.TestRunner@5871a482]]>
              </value>
            </param>
          </params>
          <reporter-output>
          </reporter-output>
        </test-method> <!-- After_Test -->
      </class> <!-- com.common.ui.People_Page -->
    </test> <!-- VERIFY_FILTER_FUNCTIONALITY_FROM_TABLE__HEADER -->
    <test name="VERIFY_SEARCH_FUNCTIONALITY_FROM_HEADER" duration-ms="42734" started-at="2021-02-27T09:29:32Z" finished-at="2021-02-27T09:30:15Z">
      <class name="com.common.ui.People_Page">
        <test-method status="PASS" signature="Before_Test_1(org.testng.ITestContext, java.lang.String, java.lang.String)[pri:0, instance:com.common.ui.People_Page@75b25825]" name="Before_Test_1" is-config="true" duration-ms="0" started-at="2021-02-27T09:29:32Z" finished-at="2021-02-27T09:29:32Z">
          <params>
            <param index="0">
              <value>
                <![CDATA[org.testng.TestRunner@45c90a05]]>
              </value>
            </param>
            <param index="1">
              <value is-null="true"/>
            </param>
            <param index="2">
              <value is-null="true"/>
            </param>
          </params>
          <reporter-output>
          </reporter-output>
        </test-method> <!-- Before_Test_1 -->
        <test-method status="PASS" signature="Before_Method(java.lang.reflect.Method)[pri:0, instance:com.common.ui.People_Page@75b25825]" name="Before_Method" is-config="true" duration-ms="0" started-at="2021-02-27T09:29:32Z" finished-at="2021-02-27T09:29:32Z">
          <params>
            <param index="0">
              <value>
                <![CDATA[public static void com.common.ui.People_Page.Validate_Search_Functionality(java.lang.String,java.lang.String)]]>
              </value>
            </param>
          </params>
          <reporter-output>
          </reporter-output>
        </test-method> <!-- Before_Method -->
        <test-method status="PASS" signature="Validate_Search_Functionality(java.lang.String, java.lang.String)[pri:0, instance:com.common.ui.People_Page@75b25825]" name="Validate_Search_Functionality" duration-ms="42733" started-at="2021-02-27T09:29:32Z" finished-at="2021-02-27T09:30:15Z">
          <params>
            <param index="0">
              <value>
                <![CDATA[ja]]>
              </value>
            </param>
            <param index="1">
              <value>
                <![CDATA[firstname]]>
              </value>
            </param>
          </params>
          <reporter-output>
          </reporter-output>
        </test-method> <!-- Validate_Search_Functionality -->
        <test-method status="PASS" signature="After_Method(org.testng.ITestResult, java.lang.reflect.Method)[pri:0, instance:com.common.ui.People_Page@75b25825]" name="After_Method" is-config="true" duration-ms="0" started-at="2021-02-27T09:30:15Z" finished-at="2021-02-27T09:30:15Z">
          <params>
            <param index="0">
              <value>
                <![CDATA[[TestResult name=Validate_Search_Functionality status=SUCCESS method=People_Page.Validate_Search_Functionality(java.lang.String, java.lang.String)[pri:0, instance:com.common.ui.People_Page@75b25825] output={null}]]]>
              </value>
            </param>
            <param index="1">
              <value>
                <![CDATA[public static void com.common.ui.People_Page.Validate_Search_Functionality(java.lang.String,java.lang.String)]]>
              </value>
            </param>
          </params>
          <reporter-output>
          </reporter-output>
        </test-method> <!-- After_Method -->
        <test-method status="PASS" signature="After_Test(org.testng.ITestContext)[pri:0, instance:com.common.ui.People_Page@75b25825]" name="After_Test" is-config="true" duration-ms="0" started-at="2021-02-27T09:30:15Z" finished-at="2021-02-27T09:30:15Z">
          <params>
            <param index="0">
              <value>
                <![CDATA[org.testng.TestRunner@45c90a05]]>
              </value>
            </param>
          </params>
          <reporter-output>
          </reporter-output>
        </test-method> <!-- After_Test -->
      </class> <!-- com.common.ui.People_Page -->
    </test> <!-- VERIFY_SEARCH_FUNCTIONALITY_FROM_HEADER -->
    <test name="VERIFY_COLUMN_HIDE_FUNCTIONALITY_FROM_HEADER" duration-ms="80742" started-at="2021-02-27T09:30:15Z" finished-at="2021-02-27T09:31:35Z">
      <class name="com.common.ui.People_Page">
        <test-method status="PASS" signature="Before_Test_1(org.testng.ITestContext, java.lang.String, java.lang.String)[pri:0, instance:com.common.ui.People_Page@77a98a6a]" name="Before_Test_1" is-config="true" duration-ms="1" started-at="2021-02-27T09:30:15Z" finished-at="2021-02-27T09:30:15Z">
          <params>
            <param index="0">
              <value>
                <![CDATA[org.testng.TestRunner@296676c4]]>
              </value>
            </param>
            <param index="1">
              <value is-null="true"/>
            </param>
            <param index="2">
              <value is-null="true"/>
            </param>
          </params>
          <reporter-output>
          </reporter-output>
        </test-method> <!-- Before_Test_1 -->
        <test-method status="PASS" signature="Before_Method(java.lang.reflect.Method)[pri:0, instance:com.common.ui.People_Page@77a98a6a]" name="Before_Method" is-config="true" duration-ms="0" started-at="2021-02-27T09:30:15Z" finished-at="2021-02-27T09:30:15Z">
          <params>
            <param index="0">
              <value>
                <![CDATA[public static void com.common.ui.People_Page.Validate_Column_Hide_Functinality_From_Column_Header(java.lang.String,java.lang.String)]]>
              </value>
            </param>
          </params>
          <reporter-output>
          </reporter-output>
        </test-method> <!-- Before_Method -->
        <test-method status="PASS" signature="Validate_Column_Hide_Functinality_From_Column_Header(java.lang.String, java.lang.String)[pri:0, instance:com.common.ui.People_Page@77a98a6a]" name="Validate_Column_Hide_Functinality_From_Column_Header" duration-ms="80740" started-at="2021-02-27T09:30:15Z" finished-at="2021-02-27T09:31:35Z">
          <params>
            <param index="0">
              <value>
                <![CDATA[First Name]]>
              </value>
            </param>
            <param index="1">
              <value>
                <![CDATA[First]]>
              </value>
            </param>
          </params>
          <reporter-output>
          </reporter-output>
        </test-method> <!-- Validate_Column_Hide_Functinality_From_Column_Header -->
        <test-method status="PASS" signature="After_Method(org.testng.ITestResult, java.lang.reflect.Method)[pri:0, instance:com.common.ui.People_Page@77a98a6a]" name="After_Method" is-config="true" duration-ms="0" started-at="2021-02-27T09:31:35Z" finished-at="2021-02-27T09:31:35Z">
          <params>
            <param index="0">
              <value>
                <![CDATA[[TestResult name=Validate_Column_Hide_Functinality_From_Column_Header status=SUCCESS method=People_Page.Validate_Column_Hide_Functinality_From_Column_Header(java.lang.String, java.lang.String)[pri:0, instance:com.common.ui.People_Page@77a98a6a] output={null}]]]>
              </value>
            </param>
            <param index="1">
              <value>
                <![CDATA[public static void com.common.ui.People_Page.Validate_Column_Hide_Functinality_From_Column_Header(java.lang.String,java.lang.String)]]>
              </value>
            </param>
          </params>
          <reporter-output>
          </reporter-output>
        </test-method> <!-- After_Method -->
        <test-method status="PASS" signature="After_Test(org.testng.ITestContext)[pri:0, instance:com.common.ui.People_Page@77a98a6a]" name="After_Test" is-config="true" duration-ms="0" started-at="2021-02-27T09:31:35Z" finished-at="2021-02-27T09:31:35Z">
          <params>
            <param index="0">
              <value>
                <![CDATA[org.testng.TestRunner@296676c4]]>
              </value>
            </param>
          </params>
          <reporter-output>
          </reporter-output>
        </test-method> <!-- After_Test -->
      </class> <!-- com.common.ui.People_Page -->
    </test> <!-- VERIFY_COLUMN_HIDE_FUNCTIONALITY_FROM_HEADER -->
    <test name="VERIFY_ARRANGE_ICON_HIDE/UNHIDE_COLUMN_FUNCTIONALITY" duration-ms="80834" started-at="2021-02-27T09:31:35Z" finished-at="2021-02-27T09:32:56Z">
      <class name="com.common.ui.People_Page">
        <test-method status="PASS" signature="Before_Test_1(org.testng.ITestContext, java.lang.String, java.lang.String)[pri:0, instance:com.common.ui.People_Page@6941827a]" name="Before_Test_1" is-config="true" duration-ms="1" started-at="2021-02-27T09:31:35Z" finished-at="2021-02-27T09:31:35Z">
          <params>
            <param index="0">
              <value>
                <![CDATA[org.testng.TestRunner@df7d1d4]]>
              </value>
            </param>
            <param index="1">
              <value is-null="true"/>
            </param>
            <param index="2">
              <value is-null="true"/>
            </param>
          </params>
          <reporter-output>
          </reporter-output>
        </test-method> <!-- Before_Test_1 -->
        <test-method status="PASS" signature="Open_Arrange_Icon_Container()[pri:0, instance:com.common.ui.People_Page@6941827a]" name="Open_Arrange_Icon_Container" duration-ms="20263" started-at="2021-02-27T09:31:35Z" finished-at="2021-02-27T09:31:56Z">
          <reporter-output>
          </reporter-output>
        </test-method> <!-- Open_Arrange_Icon_Container -->
        <test-method status="PASS" signature="Before_Method(java.lang.reflect.Method)[pri:0, instance:com.common.ui.People_Page@6941827a]" name="Before_Method" is-config="true" duration-ms="0" started-at="2021-02-27T09:31:35Z" finished-at="2021-02-27T09:31:35Z">
          <params>
            <param index="0">
              <value>
                <![CDATA[public static void com.common.ui.People_Page.Open_Arrange_Icon_Container()]]>
              </value>
            </param>
          </params>
          <reporter-output>
          </reporter-output>
        </test-method> <!-- Before_Method -->
        <test-method status="PASS" signature="After_Method(org.testng.ITestResult, java.lang.reflect.Method)[pri:0, instance:com.common.ui.People_Page@6941827a]" name="After_Method" is-config="true" duration-ms="0" started-at="2021-02-27T09:31:56Z" finished-at="2021-02-27T09:31:56Z">
          <params>
            <param index="0">
              <value>
                <![CDATA[[TestResult name=Open_Arrange_Icon_Container status=SUCCESS method=People_Page.Open_Arrange_Icon_Container()[pri:0, instance:com.common.ui.People_Page@6941827a] output={null}]]]>
              </value>
            </param>
            <param index="1">
              <value>
                <![CDATA[public static void com.common.ui.People_Page.Open_Arrange_Icon_Container()]]>
              </value>
            </param>
          </params>
          <reporter-output>
          </reporter-output>
        </test-method> <!-- After_Method -->
        <test-method status="PASS" signature="Before_Method(java.lang.reflect.Method)[pri:0, instance:com.common.ui.People_Page@6941827a]" name="Before_Method" is-config="true" duration-ms="0" started-at="2021-02-27T09:31:56Z" finished-at="2021-02-27T09:31:56Z">
          <params>
            <param index="0">
              <value>
                <![CDATA[public static void com.common.ui.People_Page.Hide_Unhide_Table_Column(java.lang.String)]]>
              </value>
            </param>
          </params>
          <reporter-output>
          </reporter-output>
        </test-method> <!-- Before_Method -->
        <test-method status="PASS" signature="Hide_Unhide_Table_Column(java.lang.String)[pri:0, instance:com.common.ui.People_Page@6941827a]" name="Hide_Unhide_Table_Column" duration-ms="60568" depends-on-groups="Open_Arrange_Icon_Container" started-at="2021-02-27T09:31:56Z" finished-at="2021-02-27T09:32:56Z">
          <params>
            <param index="0">
              <value>
                <![CDATA[First Name]]>
              </value>
            </param>
          </params>
          <reporter-output>
          </reporter-output>
        </test-method> <!-- Hide_Unhide_Table_Column -->
        <test-method status="PASS" signature="After_Test(org.testng.ITestContext)[pri:0, instance:com.common.ui.People_Page@6941827a]" name="After_Test" is-config="true" duration-ms="1" started-at="2021-02-27T09:32:56Z" finished-at="2021-02-27T09:32:56Z">
          <params>
            <param index="0">
              <value>
                <![CDATA[org.testng.TestRunner@df7d1d4]]>
              </value>
            </param>
          </params>
          <reporter-output>
          </reporter-output>
        </test-method> <!-- After_Test -->
        <test-method status="PASS" signature="After_Method(org.testng.ITestResult, java.lang.reflect.Method)[pri:0, instance:com.common.ui.People_Page@6941827a]" name="After_Method" is-config="true" duration-ms="0" started-at="2021-02-27T09:32:56Z" finished-at="2021-02-27T09:32:56Z">
          <params>
            <param index="0">
              <value>
                <![CDATA[[TestResult name=Hide_Unhide_Table_Column status=SUCCESS method=People_Page.Hide_Unhide_Table_Column(java.lang.String)[pri:0, instance:com.common.ui.People_Page@6941827a] output={null}]]]>
              </value>
            </param>
            <param index="1">
              <value>
                <![CDATA[public static void com.common.ui.People_Page.Hide_Unhide_Table_Column(java.lang.String)]]>
              </value>
            </param>
          </params>
          <reporter-output>
          </reporter-output>
        </test-method> <!-- After_Method -->
      </class> <!-- com.common.ui.People_Page -->
    </test> <!-- VERIFY_ARRANGE_ICON_HIDE/UNHIDE_COLUMN_FUNCTIONALITY -->
    <test name="VERIFY_DELETE_ALL_RECORDS_FUNCTIONALITY" duration-ms="85342" started-at="2021-02-27T09:32:56Z" finished-at="2021-02-27T09:34:21Z">
      <class name="com.common.ui.People_Page">
        <test-method status="PASS" signature="Before_Suites(org.testng.ITestContext)[pri:0, instance:com.common.ui.People_Page@5e81e5ac]" name="Before_Suites" is-config="true" duration-ms="21" started-at="2021-02-27T09:10:08Z" finished-at="2021-02-27T09:10:08Z">
          <params>
            <param index="0">
              <value>
                <![CDATA[org.testng.TestRunner@58f7215c]]>
              </value>
            </param>
          </params>
          <reporter-output>
          </reporter-output>
        </test-method> <!-- Before_Suites -->
        <test-method status="PASS" signature="Before_Test_1(org.testng.ITestContext, java.lang.String, java.lang.String)[pri:0, instance:com.common.ui.People_Page@5e81e5ac]" name="Before_Test_1" is-config="true" duration-ms="0" started-at="2021-02-27T09:32:56Z" finished-at="2021-02-27T09:32:56Z">
          <params>
            <param index="0">
              <value>
                <![CDATA[org.testng.TestRunner@58f7215c]]>
              </value>
            </param>
            <param index="1">
              <value is-null="true"/>
            </param>
            <param index="2">
              <value is-null="true"/>
            </param>
          </params>
          <reporter-output>
          </reporter-output>
        </test-method> <!-- Before_Test_1 -->
        <test-method status="PASS" signature="Before_Method(java.lang.reflect.Method)[pri:0, instance:com.common.ui.People_Page@5e81e5ac]" name="Before_Method" is-config="true" duration-ms="0" started-at="2021-02-27T09:32:56Z" finished-at="2021-02-27T09:32:56Z">
          <params>
            <param index="0">
              <value>
                <![CDATA[public static void com.common.ui.People_Page.Delete_Records()]]>
              </value>
            </param>
          </params>
          <reporter-output>
          </reporter-output>
        </test-method> <!-- Before_Method -->
        <test-method status="PASS" signature="Delete_Records()[pri:0, instance:com.common.ui.People_Page@5e81e5ac]" name="Delete_Records" duration-ms="85340" started-at="2021-02-27T09:32:56Z" finished-at="2021-02-27T09:34:21Z">
          <reporter-output>
          </reporter-output>
        </test-method> <!-- Delete_Records -->
        <test-method status="PASS" signature="After_Method(org.testng.ITestResult, java.lang.reflect.Method)[pri:0, instance:com.common.ui.People_Page@5e81e5ac]" name="After_Method" is-config="true" duration-ms="0" started-at="2021-02-27T09:34:21Z" finished-at="2021-02-27T09:34:21Z">
          <params>
            <param index="0">
              <value>
                <![CDATA[[TestResult name=Delete_Records status=SUCCESS method=People_Page.Delete_Records()[pri:0, instance:com.common.ui.People_Page@5e81e5ac] output={null}]]]>
              </value>
            </param>
            <param index="1">
              <value>
                <![CDATA[public static void com.common.ui.People_Page.Delete_Records()]]>
              </value>
            </param>
          </params>
          <reporter-output>
          </reporter-output>
        </test-method> <!-- After_Method -->
        <test-method status="PASS" signature="After_Test(org.testng.ITestContext)[pri:0, instance:com.common.ui.People_Page@5e81e5ac]" name="After_Test" is-config="true" duration-ms="1" started-at="2021-02-27T09:34:21Z" finished-at="2021-02-27T09:34:21Z">
          <params>
            <param index="0">
              <value>
                <![CDATA[org.testng.TestRunner@58f7215c]]>
              </value>
            </param>
          </params>
          <reporter-output>
          </reporter-output>
        </test-method> <!-- After_Test -->
        <test-method status="PASS" signature="After_Suites()[pri:0, instance:com.common.ui.People_Page@5e81e5ac]" name="After_Suites" is-config="true" duration-ms="1423" started-at="2021-02-27T09:34:21Z" finished-at="2021-02-27T09:34:23Z">
          <reporter-output>
          </reporter-output>
        </test-method> <!-- After_Suites -->
      </class> <!-- com.common.ui.People_Page -->
    </test> <!-- VERIFY_DELETE_ALL_RECORDS_FUNCTIONALITY -->
  </suite> <!-- Suite -->
</testng-results>
